<!DOCTYPE html>
<html>
<head>
<meta http-equiv="Content-Type" content="text/html; charset=utf-8"/>
<meta http-equiv="x-ua-compatible" content="IE=edge"/>
<title>Test results - Class system.health.MessagingFeedTests</title>
<link href="../css/base-style.css" rel="stylesheet" type="text/css"/>
<link href="../css/style.css" rel="stylesheet" type="text/css"/>
<script src="../js/report.js" type="text/javascript"></script>
</head>
<body>
<div id="content">
<h1>Class system.health.MessagingFeedTests</h1>
<div class="breadcrumbs">
<a href="../index.html">all</a> &gt; 
<a href="../packages/system.health.html">system.health</a> &gt; MessagingFeedTests</div>
<div id="summary">
<table>
<tr>
<td>
<div class="summaryGroup">
<table>
<tr>
<td>
<div class="infoBox" id="tests">
<div class="counter">1</div>
<p>tests</p>
</div>
</td>
<td>
<div class="infoBox" id="failures">
<div class="counter">1</div>
<p>failures</p>
</div>
</td>
<td>
<div class="infoBox" id="ignored">
<div class="counter">0</div>
<p>ignored</p>
</div>
</td>
<td>
<div class="infoBox" id="duration">
<div class="counter">1.998s</div>
<p>duration</p>
</div>
</td>
</tr>
</table>
</div>
</td>
<td>
<div class="infoBox failures" id="successRate">
<div class="percent">0%</div>
<p>successful</p>
</div>
</td>
</tr>
</table>
</div>
<div id="tabs">
<ul class="tabLinks">
<li>
<a href="#tab0">Failed tests</a>
</li>
<li>
<a href="#tab1">Tests</a>
</li>
<li>
<a href="#tab2">Standard output</a>
</li>
</ul>
<div id="tab0" class="tab">
<h2>Failed tests</h2>
<div class="test">
<a name="Message Hub should fire a trigger when a message is posted to the message hub"></a>
<h3 class="failures">Message Hub should fire a trigger when a message is posted to the message hub</h3>
<span class="code">
<pre>org.scalatest.exceptions.TestFailedException: deletedAll was false some assets were not deleted
	at org.scalatest.Assertions$class.newAssertionFailedException(Assertions.scala:500)
	at org.scalatest.FlatSpec.newAssertionFailedException(FlatSpec.scala:1683)
	at org.scalatest.Assertions$AssertionsHelper.macroAssert(Assertions.scala:466)
	at common.WskTestHelpers$class.withAssetCleaner(WskTestHelpers.scala:104)
	at system.health.MessagingFeedTests.withAssetCleaner(MessagingFeedTests.scala:48)
	at system.health.MessagingFeedTests$$anonfun$1.apply$mcV$sp(MessagingFeedTests.scala:82)
	at system.health.MessagingFeedTests$$anonfun$1.apply(MessagingFeedTests.scala:82)
	at system.health.MessagingFeedTests$$anonfun$1.apply(MessagingFeedTests.scala:82)
	at org.scalatest.Transformer$$anonfun$apply$1.apply$mcV$sp(Transformer.scala:22)
	at org.scalatest.OutcomeOf$class.outcomeOf(OutcomeOf.scala:85)
	at org.scalatest.OutcomeOf$.outcomeOf(OutcomeOf.scala:104)
	at org.scalatest.Transformer.apply(Transformer.scala:22)
	at org.scalatest.Transformer.apply(Transformer.scala:20)
	at org.scalatest.FlatSpecLike$$anon$1.apply(FlatSpecLike.scala:1647)
	at org.scalatest.Suite$class.withFixture(Suite.scala:1122)
	at org.scalatest.FlatSpec.withFixture(FlatSpec.scala:1683)
	at org.scalatest.FlatSpecLike$class.invokeWithFixture$1(FlatSpecLike.scala:1644)
	at org.scalatest.FlatSpecLike$$anonfun$runTest$1.apply(FlatSpecLike.scala:1656)
	at org.scalatest.FlatSpecLike$$anonfun$runTest$1.apply(FlatSpecLike.scala:1656)
	at org.scalatest.SuperEngine.runTestImpl(Engine.scala:306)
	at org.scalatest.FlatSpecLike$class.runTest(FlatSpecLike.scala:1656)
	at system.health.MessagingFeedTests.org$scalatest$BeforeAndAfterEachTestData$$super$runTest(MessagingFeedTests.scala:48)
	at org.scalatest.BeforeAndAfterEachTestData$class.runTest(BeforeAndAfterEachTestData.scala:193)
	at system.health.MessagingFeedTests.runTest(MessagingFeedTests.scala:48)
	at org.scalatest.FlatSpecLike$$anonfun$runTests$1.apply(FlatSpecLike.scala:1714)
	at org.scalatest.FlatSpecLike$$anonfun$runTests$1.apply(FlatSpecLike.scala:1714)
	at org.scalatest.SuperEngine$$anonfun$traverseSubNodes$1$1.apply(Engine.scala:413)
	at org.scalatest.SuperEngine$$anonfun$traverseSubNodes$1$1.apply(Engine.scala:401)
	at scala.collection.immutable.List.foreach(List.scala:381)
	at org.scalatest.SuperEngine.traverseSubNodes$1(Engine.scala:401)
	at org.scalatest.SuperEngine.org$scalatest$SuperEngine$$runTestsInBranch(Engine.scala:390)
	at org.scalatest.SuperEngine$$anonfun$traverseSubNodes$1$1.apply(Engine.scala:427)
	at org.scalatest.SuperEngine$$anonfun$traverseSubNodes$1$1.apply(Engine.scala:401)
	at scala.collection.immutable.List.foreach(List.scala:381)
	at org.scalatest.SuperEngine.traverseSubNodes$1(Engine.scala:401)
	at org.scalatest.SuperEngine.org$scalatest$SuperEngine$$runTestsInBranch(Engine.scala:396)
	at org.scalatest.SuperEngine.runTestsImpl(Engine.scala:483)
	at org.scalatest.FlatSpecLike$class.runTests(FlatSpecLike.scala:1714)
	at org.scalatest.FlatSpec.runTests(FlatSpec.scala:1683)
	at org.scalatest.Suite$class.run(Suite.scala:1424)
	at org.scalatest.FlatSpec.org$scalatest$FlatSpecLike$$super$run(FlatSpec.scala:1683)
	at org.scalatest.FlatSpecLike$$anonfun$run$1.apply(FlatSpecLike.scala:1760)
	at org.scalatest.FlatSpecLike$$anonfun$run$1.apply(FlatSpecLike.scala:1760)
	at org.scalatest.SuperEngine.runImpl(Engine.scala:545)
	at org.scalatest.FlatSpecLike$class.run(FlatSpecLike.scala:1760)
	at system.health.MessagingFeedTests.org$scalatest$BeforeAndAfterAll$$super$run(MessagingFeedTests.scala:48)
	at org.scalatest.BeforeAndAfterAll$class.liftedTree1$1(BeforeAndAfterAll.scala:257)
	at org.scalatest.BeforeAndAfterAll$class.run(BeforeAndAfterAll.scala:256)
	at system.health.MessagingFeedTests.run(MessagingFeedTests.scala:48)
	at org.scalatest.junit.JUnitRunner.run(JUnitRunner.scala:99)
	at org.gradle.api.internal.tasks.testing.junit.JUnitTestClassExecuter.runTestClass(JUnitTestClassExecuter.java:114)
	at org.gradle.api.internal.tasks.testing.junit.JUnitTestClassExecuter.execute(JUnitTestClassExecuter.java:57)
	at org.gradle.api.internal.tasks.testing.junit.JUnitTestClassProcessor.processTestClass(JUnitTestClassProcessor.java:66)
	at org.gradle.api.internal.tasks.testing.SuiteTestClassProcessor.processTestClass(SuiteTestClassProcessor.java:51)
	at sun.reflect.NativeMethodAccessorImpl.invoke0(Native Method)
	at sun.reflect.NativeMethodAccessorImpl.invoke(NativeMethodAccessorImpl.java:62)
	at sun.reflect.DelegatingMethodAccessorImpl.invoke(DelegatingMethodAccessorImpl.java:43)
	at java.lang.reflect.Method.invoke(Method.java:498)
	at org.gradle.internal.dispatch.ReflectionDispatch.dispatch(ReflectionDispatch.java:35)
	at org.gradle.internal.dispatch.ReflectionDispatch.dispatch(ReflectionDispatch.java:24)
	at org.gradle.internal.dispatch.ContextClassLoaderDispatch.dispatch(ContextClassLoaderDispatch.java:32)
	at org.gradle.internal.dispatch.ProxyDispatchAdapter$DispatchingInvocationHandler.invoke(ProxyDispatchAdapter.java:93)
	at com.sun.proxy.$Proxy2.processTestClass(Unknown Source)
	at org.gradle.api.internal.tasks.testing.worker.TestWorker.processTestClass(TestWorker.java:109)
	at sun.reflect.NativeMethodAccessorImpl.invoke0(Native Method)
	at sun.reflect.NativeMethodAccessorImpl.invoke(NativeMethodAccessorImpl.java:62)
	at sun.reflect.DelegatingMethodAccessorImpl.invoke(DelegatingMethodAccessorImpl.java:43)
	at java.lang.reflect.Method.invoke(Method.java:498)
	at org.gradle.internal.dispatch.ReflectionDispatch.dispatch(ReflectionDispatch.java:35)
	at org.gradle.internal.dispatch.ReflectionDispatch.dispatch(ReflectionDispatch.java:24)
	at org.gradle.internal.remote.internal.hub.MessageHub$Handler.run(MessageHub.java:377)
	at org.gradle.internal.concurrent.ExecutorPolicy$CatchAndRecordFailures.onExecute(ExecutorPolicy.java:54)
	at org.gradle.internal.concurrent.StoppableExecutorImpl$1.run(StoppableExecutorImpl.java:40)
	at java.util.concurrent.ThreadPoolExecutor.runWorker(ThreadPoolExecutor.java:1142)
	at java.util.concurrent.ThreadPoolExecutor$Worker.run(ThreadPoolExecutor.java:617)
	at java.lang.Thread.run(Thread.java:745)
</pre>
</span>
</div>
</div>
<div id="tab1" class="tab">
<h2>Tests</h2>
<table>
<thead>
<tr>
<th>Test</th>
<th>Duration</th>
<th>Result</th>
</tr>
</thead>
<tr>
<td class="failures">Message Hub should fire a trigger when a message is posted to the message hub</td>
<td>1.998s</td>
<td class="failures">failed</td>
</tr>
</table>
</div>
<div id="tab2" class="tab">
<h2>Standard output</h2>
<span class="code">
<pre>[2017-01-16T20:58:32.446Z] [INFO] Slf4jLogger started [akka.event.slf4j.Slf4jLogger:85] 
deploy target not defined
test router? true
JUnit version is: 4.11

Starting test Message Hub should fire a trigger when a message is posted to the message hub at 2017-01-16 15:58:32.600
Exception occurred during test execution: org.scalatest.exceptions.TestFailedException: /Users/dubee/bluewhisk/open/bin/wsk -i --apihost 192.168.99.100 --apiversion v1 trigger create --auth 9cfe57a0-7ac1-4bf4-9026-d7e9e591271f:pP80lI9oXOd1CHxhUz1S2EyGbRUd0sPcnC4qadaYou4sRL68dw4nPhEDs9q1W2r0 /_/dummyMessageHubTrigger-1484600312642 --feed /whisk.system/messaging/messageHubFeed -p kafka_brokers_sasl [&quot;kafka01-prod01.messagehub.services.us-south.bluemix.net:9093&quot;,&quot;kafka02-prod01.messagehub.services.us-south.bluemix.net:9093&quot;,&quot;kafka03-prod01.messagehub.services.us-south.bluemix.net:9093&quot;,&quot;kafka04-prod01.messagehub.services.us-south.bluemix.net:9093&quot;,&quot;kafka05-prod01.messagehub.services.us-south.bluemix.net:9093&quot;] -p kafka_admin_url &quot;https://kafka-admin-prod01.messagehub.services.us-south.bluemix.net:443&quot; -p api_key &quot;i27gilbtmoV1Fph17AoHMBptpNP2LTCJL0QYo19lPXIjpH7j&quot; -p topic &quot;test&quot; -p user &quot;i27gilbtmoV1Fph1&quot; -p password &quot;7AoHMBptpNP2LTCJL0QYo19lPXIjpH7j&quot;
ok: invoked /whisk.system/messaging/messageHubFeed with id 5eaa3c73363544aca2edafde5296972f
ok: invoked /whisk.system/messaging/messageHubFeed with id d2174f9b7ad64c69b86adb0bef32c160

{
    &quot;namespace&quot;: &quot;lime@us.ibm.com&quot;,
    &quot;name&quot;: &quot;messageHubFeed&quot;,
    &quot;version&quot;: &quot;0.0.2&quot;,
    &quot;subject&quot;: &quot;lime@us.ibm.com&quot;,
    &quot;activationId&quot;: &quot;5eaa3c73363544aca2edafde5296972f&quot;,
    &quot;start&quot;: 1484600313140,
    &quot;end&quot;: 1484600313811,
    &quot;duration&quot;: 671,
    &quot;response&quot;: {
        &quot;status&quot;: &quot;action developer error&quot;,
        &quot;statusCode&quot;: 0,
        &quot;success&quot;: false,
        &quot;result&quot;: {
            &quot;error&quot;: &quot;The action did not produce a valid response and exited unexpectedly.&quot;
        }
    },
    &quot;logs&quot;: [],
    &quot;annotations&quot;: [
        {
            &quot;key&quot;: &quot;limits&quot;,
            &quot;value&quot;: {
                &quot;logs&quot;: 10,
                &quot;memory&quot;: 256,
                &quot;timeout&quot;: 60000
            }
        },
        {
            &quot;key&quot;: &quot;path&quot;,
            &quot;value&quot;: &quot;whisk.system/messaging/messageHubFeed&quot;
        }
    ],
    &quot;publish&quot;: false
}
{
    &quot;namespace&quot;: &quot;lime@us.ibm.com&quot;,
    &quot;name&quot;: &quot;messageHubFeed&quot;,
    &quot;version&quot;: &quot;0.0.2&quot;,
    &quot;subject&quot;: &quot;lime@us.ibm.com&quot;,
    &quot;activationId&quot;: &quot;d2174f9b7ad64c69b86adb0bef32c160&quot;,
    &quot;start&quot;: 1484600314011,
    &quot;end&quot;: 1484600314441,
    &quot;duration&quot;: 430,
    &quot;response&quot;: {
        &quot;status&quot;: &quot;action developer error&quot;,
        &quot;statusCode&quot;: 0,
        &quot;success&quot;: false,
        &quot;result&quot;: {
            &quot;error&quot;: &quot;The action did not produce a valid response and exited unexpectedly.&quot;
        }
    },
    &quot;logs&quot;: [],
    &quot;annotations&quot;: [
        {
            &quot;key&quot;: &quot;limits&quot;,
            &quot;value&quot;: {
                &quot;logs&quot;: 10,
                &quot;memory&quot;: 256,
                &quot;timeout&quot;: 60000
            }
        },
        {
            &quot;key&quot;: &quot;path&quot;,
            &quot;value&quot;: &quot;whisk.system/messaging/messageHubFeed&quot;
        }
    ],
    &quot;publish&quot;: false
}
Run 'wsk --help' for usage.
exit code: 246 was not equal to 0
ERROR: deleting asset failed for /_/dummyMessageHubTrigger-1484600312642: org.scalatest.exceptions.TestFailedException: /Users/dubee/bluewhisk/open/bin/wsk -i --apihost 192.168.99.100 --apiversion v1 trigger delete --auth 9cfe57a0-7ac1-4bf4-9026-d7e9e591271f:pP80lI9oXOd1CHxhUz1S2EyGbRUd0sPcnC4qadaYou4sRL68dw4nPhEDs9q1W2r0 /_/dummyMessageHubTrigger-1484600312642
error: Unable to delete trigger 'dummyMessageHubTrigger-1484600312642': The requested resource does not exist. (code 10534)
exit code: 148 was not equal to 0

Finished test Message Hub should fire a trigger when a message is posted to the message hub at 2017-01-16 15:58:34.608
</pre>
</span>
</div>
</div>
<div id="footer">
<p>
<div>
<label class="hidden" id="label-for-line-wrapping-toggle" for="line-wrapping-toggle">Wrap lines
<input id="line-wrapping-toggle" type="checkbox" autocomplete="off"/>
</label>
</div>Generated by 
<a href="http://www.gradle.org">Gradle 3.0</a> at Jan 16, 2017 3:58:35 PM</p>
</div>
</div>
</body>
</html>
