<?xml version="1.0" encoding="UTF-8"?>
<testsuite name="system.provider.MessagingServiceTests" tests="11" skipped="0" failures="11" errors="0" timestamp="2017-01-16T21:22:57" hostname="jamess-mbp.raleigh.ibm.com" time="0.68">
  <properties/>
  <testcase name="Messaging feed provider endpoint should return status code HTTP 200 OK from /health endpoint" classname="system.provider.MessagingServiceTests" time="0.612">
    <failure message="java.net.MalformedURLException: For input string: &quot;null&quot;" type="java.net.MalformedURLException">java.net.MalformedURLException: For input string: &quot;null&quot;
	at java.net.URL.&lt;init&gt;(URL.java:627)
	at java.net.URL.&lt;init&gt;(URL.java:490)
	at java.net.URL.&lt;init&gt;(URL.java:439)
	at sun.reflect.NativeConstructorAccessorImpl.newInstance0(Native Method)
	at sun.reflect.NativeConstructorAccessorImpl.newInstance(NativeConstructorAccessorImpl.java:62)
	at sun.reflect.DelegatingConstructorAccessorImpl.newInstance(DelegatingConstructorAccessorImpl.java:45)
	at java.lang.reflect.Constructor.newInstance(Constructor.java:423)
	at org.codehaus.groovy.reflection.CachedConstructor.invoke(CachedConstructor.java:77)
	at org.codehaus.groovy.runtime.callsite.ConstructorSite$ConstructorSiteNoUnwrapNoCoerce.callConstructor(ConstructorSite.java:102)
	at org.codehaus.groovy.runtime.callsite.CallSiteArray.defaultCallConstructor(CallSiteArray.java:57)
	at org.codehaus.groovy.runtime.callsite.AbstractCallSite.callConstructor(AbstractCallSite.java:232)
	at org.codehaus.groovy.runtime.callsite.AbstractCallSite.callConstructor(AbstractCallSite.java:244)
	at com.jayway.restassured.internal.RequestSpecificationImpl.getTargetURI(RequestSpecificationImpl.groovy:1364)
	at sun.reflect.NativeMethodAccessorImpl.invoke0(Native Method)
	at sun.reflect.NativeMethodAccessorImpl.invoke(NativeMethodAccessorImpl.java:62)
	at sun.reflect.DelegatingMethodAccessorImpl.invoke(DelegatingMethodAccessorImpl.java:43)
	at java.lang.reflect.Method.invoke(Method.java:498)
	at org.codehaus.groovy.reflection.CachedMethod.invoke(CachedMethod.java:90)
	at groovy.lang.MetaMethod.doMethodInvoke(MetaMethod.java:324)
	at groovy.lang.MetaClassImpl.invokeMethod(MetaClassImpl.java:1207)
	at groovy.lang.MetaClassImpl.invokeMethod(MetaClassImpl.java:1016)
	at groovy.lang.MetaClassImpl.invokeMethod(MetaClassImpl.java:807)
	at com.jayway.restassured.internal.RequestSpecificationImpl.invokeMethod(RequestSpecificationImpl.groovy)
	at org.codehaus.groovy.runtime.callsite.PogoInterceptableSite.call(PogoInterceptableSite.java:45)
	at org.codehaus.groovy.runtime.callsite.PogoInterceptableSite.callCurrent(PogoInterceptableSite.java:55)
	at org.codehaus.groovy.runtime.callsite.CallSiteArray.defaultCallCurrent(CallSiteArray.java:49)
	at org.codehaus.groovy.runtime.callsite.AbstractCallSite.callCurrent(AbstractCallSite.java:151)
	at org.codehaus.groovy.runtime.callsite.AbstractCallSite.callCurrent(AbstractCallSite.java:163)
	at com.jayway.restassured.internal.RequestSpecificationImpl.applyPathParamsAndEncodePath(RequestSpecificationImpl.groovy:1446)
	at sun.reflect.NativeMethodAccessorImpl.invoke0(Native Method)
	at sun.reflect.NativeMethodAccessorImpl.invoke(NativeMethodAccessorImpl.java:62)
	at sun.reflect.DelegatingMethodAccessorImpl.invoke(DelegatingMethodAccessorImpl.java:43)
	at java.lang.reflect.Method.invoke(Method.java:498)
	at org.codehaus.groovy.reflection.CachedMethod.invoke(CachedMethod.java:90)
	at groovy.lang.MetaMethod.doMethodInvoke(MetaMethod.java:324)
	at groovy.lang.MetaClassImpl.invokeMethod(MetaClassImpl.java:1207)
	at groovy.lang.MetaClassImpl.invokeMethod(MetaClassImpl.java:1016)
	at groovy.lang.MetaClassImpl.invokeMethod(MetaClassImpl.java:807)
	at com.jayway.restassured.internal.RequestSpecificationImpl.invokeMethod(RequestSpecificationImpl.groovy)
	at org.codehaus.groovy.runtime.callsite.PogoInterceptableSite.call(PogoInterceptableSite.java:45)
	at org.codehaus.groovy.runtime.callsite.PogoInterceptableSite.callCurrent(PogoInterceptableSite.java:55)
	at org.codehaus.groovy.runtime.callsite.CallSiteArray.defaultCallCurrent(CallSiteArray.java:49)
	at org.codehaus.groovy.runtime.callsite.AbstractCallSite.callCurrent(AbstractCallSite.java:151)
	at org.codehaus.groovy.runtime.callsite.AbstractCallSite.callCurrent(AbstractCallSite.java:171)
	at com.jayway.restassured.internal.RequestSpecificationImpl.applyPathParamsAndSendRequest(RequestSpecificationImpl.groovy:1424)
	at sun.reflect.NativeMethodAccessorImpl.invoke0(Native Method)
	at sun.reflect.NativeMethodAccessorImpl.invoke(NativeMethodAccessorImpl.java:62)
	at sun.reflect.DelegatingMethodAccessorImpl.invoke(DelegatingMethodAccessorImpl.java:43)
	at java.lang.reflect.Method.invoke(Method.java:498)
	at org.codehaus.groovy.reflection.CachedMethod.invoke(CachedMethod.java:90)
	at groovy.lang.MetaMethod.doMethodInvoke(MetaMethod.java:324)
	at groovy.lang.MetaClassImpl.invokeMethod(MetaClassImpl.java:1207)
	at groovy.lang.MetaClassImpl.invokeMethod(MetaClassImpl.java:1016)
	at groovy.lang.MetaClassImpl.invokeMethod(MetaClassImpl.java:807)
	at com.jayway.restassured.internal.RequestSpecificationImpl.invokeMethod(RequestSpecificationImpl.groovy)
	at org.codehaus.groovy.runtime.callsite.PogoInterceptableSite.call(PogoInterceptableSite.java:45)
	at org.codehaus.groovy.runtime.callsite.PogoInterceptableSite.callCurrent(PogoInterceptableSite.java:55)
	at org.codehaus.groovy.runtime.callsite.CallSiteArray.defaultCallCurrent(CallSiteArray.java:49)
	at org.codehaus.groovy.runtime.callsite.AbstractCallSite.callCurrent(AbstractCallSite.java:151)
	at org.codehaus.groovy.runtime.callsite.AbstractCallSite.callCurrent(AbstractCallSite.java:179)
	at com.jayway.restassured.internal.RequestSpecificationImpl.get(RequestSpecificationImpl.groovy:150)
	at com.jayway.restassured.internal.RequestSpecificationImpl.get(RequestSpecificationImpl.groovy)
	at system.provider.MessagingServiceTests$$anonfun$1.apply$mcV$sp(MessagingServiceTests.scala:49)
	at system.provider.MessagingServiceTests$$anonfun$1.apply(MessagingServiceTests.scala:48)
	at system.provider.MessagingServiceTests$$anonfun$1.apply(MessagingServiceTests.scala:48)
	at org.scalatest.Transformer$$anonfun$apply$1.apply$mcV$sp(Transformer.scala:22)
	at org.scalatest.OutcomeOf$class.outcomeOf(OutcomeOf.scala:85)
	at org.scalatest.OutcomeOf$.outcomeOf(OutcomeOf.scala:104)
	at org.scalatest.Transformer.apply(Transformer.scala:22)
	at org.scalatest.Transformer.apply(Transformer.scala:20)
	at org.scalatest.FlatSpecLike$$anon$1.apply(FlatSpecLike.scala:1647)
	at org.scalatest.Suite$class.withFixture(Suite.scala:1122)
	at org.scalatest.FlatSpec.withFixture(FlatSpec.scala:1683)
	at org.scalatest.FlatSpecLike$class.invokeWithFixture$1(FlatSpecLike.scala:1644)
	at org.scalatest.FlatSpecLike$$anonfun$runTest$1.apply(FlatSpecLike.scala:1656)
	at org.scalatest.FlatSpecLike$$anonfun$runTest$1.apply(FlatSpecLike.scala:1656)
	at org.scalatest.SuperEngine.runTestImpl(Engine.scala:306)
	at org.scalatest.FlatSpecLike$class.runTest(FlatSpecLike.scala:1656)
	at system.provider.MessagingServiceTests.org$scalatest$BeforeAndAfter$$super$runTest(MessagingServiceTests.scala:28)
	at org.scalatest.BeforeAndAfter$class.runTest(BeforeAndAfter.scala:200)
	at system.provider.MessagingServiceTests.runTest(MessagingServiceTests.scala:28)
	at org.scalatest.FlatSpecLike$$anonfun$runTests$1.apply(FlatSpecLike.scala:1714)
	at org.scalatest.FlatSpecLike$$anonfun$runTests$1.apply(FlatSpecLike.scala:1714)
	at org.scalatest.SuperEngine$$anonfun$traverseSubNodes$1$1.apply(Engine.scala:413)
	at org.scalatest.SuperEngine$$anonfun$traverseSubNodes$1$1.apply(Engine.scala:401)
	at scala.collection.immutable.List.foreach(List.scala:381)
	at org.scalatest.SuperEngine.traverseSubNodes$1(Engine.scala:401)
	at org.scalatest.SuperEngine.org$scalatest$SuperEngine$$runTestsInBranch(Engine.scala:390)
	at org.scalatest.SuperEngine$$anonfun$traverseSubNodes$1$1.apply(Engine.scala:427)
	at org.scalatest.SuperEngine$$anonfun$traverseSubNodes$1$1.apply(Engine.scala:401)
	at scala.collection.immutable.List.foreach(List.scala:381)
	at org.scalatest.SuperEngine.traverseSubNodes$1(Engine.scala:401)
	at org.scalatest.SuperEngine.org$scalatest$SuperEngine$$runTestsInBranch(Engine.scala:396)
	at org.scalatest.SuperEngine.runTestsImpl(Engine.scala:483)
	at org.scalatest.FlatSpecLike$class.runTests(FlatSpecLike.scala:1714)
	at org.scalatest.FlatSpec.runTests(FlatSpec.scala:1683)
	at org.scalatest.Suite$class.run(Suite.scala:1424)
	at org.scalatest.FlatSpec.org$scalatest$FlatSpecLike$$super$run(FlatSpec.scala:1683)
	at org.scalatest.FlatSpecLike$$anonfun$run$1.apply(FlatSpecLike.scala:1760)
	at org.scalatest.FlatSpecLike$$anonfun$run$1.apply(FlatSpecLike.scala:1760)
	at org.scalatest.SuperEngine.runImpl(Engine.scala:545)
	at org.scalatest.FlatSpecLike$class.run(FlatSpecLike.scala:1760)
	at system.provider.MessagingServiceTests.org$scalatest$BeforeAndAfter$$super$run(MessagingServiceTests.scala:28)
	at org.scalatest.BeforeAndAfter$class.run(BeforeAndAfter.scala:241)
	at system.provider.MessagingServiceTests.run(MessagingServiceTests.scala:28)
	at org.scalatest.junit.JUnitRunner.run(JUnitRunner.scala:99)
	at org.gradle.api.internal.tasks.testing.junit.JUnitTestClassExecuter.runTestClass(JUnitTestClassExecuter.java:114)
	at org.gradle.api.internal.tasks.testing.junit.JUnitTestClassExecuter.execute(JUnitTestClassExecuter.java:57)
	at org.gradle.api.internal.tasks.testing.junit.JUnitTestClassProcessor.processTestClass(JUnitTestClassProcessor.java:66)
	at org.gradle.api.internal.tasks.testing.SuiteTestClassProcessor.processTestClass(SuiteTestClassProcessor.java:51)
	at sun.reflect.NativeMethodAccessorImpl.invoke0(Native Method)
	at sun.reflect.NativeMethodAccessorImpl.invoke(NativeMethodAccessorImpl.java:62)
	at sun.reflect.DelegatingMethodAccessorImpl.invoke(DelegatingMethodAccessorImpl.java:43)
	at java.lang.reflect.Method.invoke(Method.java:498)
	at org.gradle.internal.dispatch.ReflectionDispatch.dispatch(ReflectionDispatch.java:35)
	at org.gradle.internal.dispatch.ReflectionDispatch.dispatch(ReflectionDispatch.java:24)
	at org.gradle.internal.dispatch.ContextClassLoaderDispatch.dispatch(ContextClassLoaderDispatch.java:32)
	at org.gradle.internal.dispatch.ProxyDispatchAdapter$DispatchingInvocationHandler.invoke(ProxyDispatchAdapter.java:93)
	at com.sun.proxy.$Proxy2.processTestClass(Unknown Source)
	at org.gradle.api.internal.tasks.testing.worker.TestWorker.processTestClass(TestWorker.java:109)
	at sun.reflect.NativeMethodAccessorImpl.invoke0(Native Method)
	at sun.reflect.NativeMethodAccessorImpl.invoke(NativeMethodAccessorImpl.java:62)
	at sun.reflect.DelegatingMethodAccessorImpl.invoke(DelegatingMethodAccessorImpl.java:43)
	at java.lang.reflect.Method.invoke(Method.java:498)
	at org.gradle.internal.dispatch.ReflectionDispatch.dispatch(ReflectionDispatch.java:35)
	at org.gradle.internal.dispatch.ReflectionDispatch.dispatch(ReflectionDispatch.java:24)
	at org.gradle.internal.remote.internal.hub.MessageHub$Handler.run(MessageHub.java:377)
	at org.gradle.internal.concurrent.ExecutorPolicy$CatchAndRecordFailures.onExecute(ExecutorPolicy.java:54)
	at org.gradle.internal.concurrent.StoppableExecutorImpl$1.run(StoppableExecutorImpl.java:40)
	at java.util.concurrent.ThreadPoolExecutor.runWorker(ThreadPoolExecutor.java:1142)
	at java.util.concurrent.ThreadPoolExecutor$Worker.run(ThreadPoolExecutor.java:617)
	at java.lang.Thread.run(Thread.java:745)
Caused by: java.lang.NumberFormatException: For input string: &quot;null&quot;
	at java.lang.NumberFormatException.forInputString(NumberFormatException.java:65)
	at java.lang.Integer.parseInt(Integer.java:580)
	at java.lang.Integer.parseInt(Integer.java:615)
	at java.net.URLStreamHandler.parseURL(URLStreamHandler.java:216)
	at java.net.URL.&lt;init&gt;(URL.java:622)
	... 131 more
</failure>
  </testcase>
  <testcase name="Messaging feed provider endpoint should reject post of a trigger when missing all arguments" classname="system.provider.MessagingServiceTests" time="0.009">
    <failure message="java.net.MalformedURLException: For input string: &quot;null&quot;" type="java.net.MalformedURLException">java.net.MalformedURLException: For input string: &quot;null&quot;
	at java.net.URL.&lt;init&gt;(URL.java:627)
	at java.net.URL.&lt;init&gt;(URL.java:490)
	at java.net.URL.&lt;init&gt;(URL.java:439)
	at sun.reflect.NativeConstructorAccessorImpl.newInstance0(Native Method)
	at sun.reflect.NativeConstructorAccessorImpl.newInstance(NativeConstructorAccessorImpl.java:62)
	at sun.reflect.DelegatingConstructorAccessorImpl.newInstance(DelegatingConstructorAccessorImpl.java:45)
	at java.lang.reflect.Constructor.newInstance(Constructor.java:423)
	at org.codehaus.groovy.reflection.CachedConstructor.invoke(CachedConstructor.java:77)
	at org.codehaus.groovy.runtime.callsite.ConstructorSite$ConstructorSiteNoUnwrapNoCoerce.callConstructor(ConstructorSite.java:102)
	at org.codehaus.groovy.runtime.callsite.AbstractCallSite.callConstructor(AbstractCallSite.java:244)
	at com.jayway.restassured.internal.RequestSpecificationImpl.getTargetURI(RequestSpecificationImpl.groovy:1364)
	at sun.reflect.NativeMethodAccessorImpl.invoke0(Native Method)
	at sun.reflect.NativeMethodAccessorImpl.invoke(NativeMethodAccessorImpl.java:62)
	at sun.reflect.DelegatingMethodAccessorImpl.invoke(DelegatingMethodAccessorImpl.java:43)
	at java.lang.reflect.Method.invoke(Method.java:498)
	at org.codehaus.groovy.reflection.CachedMethod.invoke(CachedMethod.java:90)
	at groovy.lang.MetaMethod.doMethodInvoke(MetaMethod.java:324)
	at groovy.lang.MetaClassImpl.invokeMethod(MetaClassImpl.java:1207)
	at groovy.lang.MetaClassImpl.invokeMethod(MetaClassImpl.java:1016)
	at groovy.lang.MetaClassImpl.invokeMethod(MetaClassImpl.java:807)
	at com.jayway.restassured.internal.RequestSpecificationImpl.invokeMethod(RequestSpecificationImpl.groovy)
	at org.codehaus.groovy.runtime.callsite.PogoInterceptableSite.call(PogoInterceptableSite.java:45)
	at org.codehaus.groovy.runtime.callsite.PogoInterceptableSite.callCurrent(PogoInterceptableSite.java:55)
	at org.codehaus.groovy.runtime.callsite.AbstractCallSite.callCurrent(AbstractCallSite.java:163)
	at com.jayway.restassured.internal.RequestSpecificationImpl.applyPathParamsAndEncodePath(RequestSpecificationImpl.groovy:1446)
	at sun.reflect.NativeMethodAccessorImpl.invoke0(Native Method)
	at sun.reflect.NativeMethodAccessorImpl.invoke(NativeMethodAccessorImpl.java:62)
	at sun.reflect.DelegatingMethodAccessorImpl.invoke(DelegatingMethodAccessorImpl.java:43)
	at java.lang.reflect.Method.invoke(Method.java:498)
	at org.codehaus.groovy.reflection.CachedMethod.invoke(CachedMethod.java:90)
	at groovy.lang.MetaMethod.doMethodInvoke(MetaMethod.java:324)
	at groovy.lang.MetaClassImpl.invokeMethod(MetaClassImpl.java:1207)
	at groovy.lang.MetaClassImpl.invokeMethod(MetaClassImpl.java:1016)
	at groovy.lang.MetaClassImpl.invokeMethod(MetaClassImpl.java:807)
	at com.jayway.restassured.internal.RequestSpecificationImpl.invokeMethod(RequestSpecificationImpl.groovy)
	at org.codehaus.groovy.runtime.callsite.PogoInterceptableSite.call(PogoInterceptableSite.java:45)
	at org.codehaus.groovy.runtime.callsite.PogoInterceptableSite.callCurrent(PogoInterceptableSite.java:55)
	at org.codehaus.groovy.runtime.callsite.AbstractCallSite.callCurrent(AbstractCallSite.java:171)
	at com.jayway.restassured.internal.RequestSpecificationImpl.applyPathParamsAndSendRequest(RequestSpecificationImpl.groovy:1424)
	at sun.reflect.NativeMethodAccessorImpl.invoke0(Native Method)
	at sun.reflect.NativeMethodAccessorImpl.invoke(NativeMethodAccessorImpl.java:62)
	at sun.reflect.DelegatingMethodAccessorImpl.invoke(DelegatingMethodAccessorImpl.java:43)
	at java.lang.reflect.Method.invoke(Method.java:498)
	at org.codehaus.groovy.reflection.CachedMethod.invoke(CachedMethod.java:90)
	at groovy.lang.MetaMethod.doMethodInvoke(MetaMethod.java:324)
	at groovy.lang.MetaClassImpl.invokeMethod(MetaClassImpl.java:1207)
	at groovy.lang.MetaClassImpl.invokeMethod(MetaClassImpl.java:1016)
	at groovy.lang.MetaClassImpl.invokeMethod(MetaClassImpl.java:807)
	at com.jayway.restassured.internal.RequestSpecificationImpl.invokeMethod(RequestSpecificationImpl.groovy)
	at org.codehaus.groovy.runtime.callsite.PogoInterceptableSite.call(PogoInterceptableSite.java:45)
	at org.codehaus.groovy.runtime.callsite.PogoInterceptableSite.callCurrent(PogoInterceptableSite.java:55)
	at org.codehaus.groovy.runtime.callsite.CallSiteArray.defaultCallCurrent(CallSiteArray.java:49)
	at org.codehaus.groovy.runtime.callsite.AbstractCallSite.callCurrent(AbstractCallSite.java:151)
	at org.codehaus.groovy.runtime.callsite.AbstractCallSite.callCurrent(AbstractCallSite.java:179)
	at com.jayway.restassured.internal.RequestSpecificationImpl.put(RequestSpecificationImpl.groovy:158)
	at com.jayway.restassured.internal.RequestSpecificationImpl.put(RequestSpecificationImpl.groovy)
	at system.provider.MessagingServiceTests.makePutCallWithExpectedResult(MessagingServiceTests.scala:41)
	at system.provider.MessagingServiceTests$$anonfun$2.apply$mcV$sp(MessagingServiceTests.scala:60)
	at system.provider.MessagingServiceTests$$anonfun$2.apply(MessagingServiceTests.scala:54)
	at system.provider.MessagingServiceTests$$anonfun$2.apply(MessagingServiceTests.scala:54)
	at org.scalatest.Transformer$$anonfun$apply$1.apply$mcV$sp(Transformer.scala:22)
	at org.scalatest.OutcomeOf$class.outcomeOf(OutcomeOf.scala:85)
	at org.scalatest.OutcomeOf$.outcomeOf(OutcomeOf.scala:104)
	at org.scalatest.Transformer.apply(Transformer.scala:22)
	at org.scalatest.Transformer.apply(Transformer.scala:20)
	at org.scalatest.FlatSpecLike$$anon$1.apply(FlatSpecLike.scala:1647)
	at org.scalatest.Suite$class.withFixture(Suite.scala:1122)
	at org.scalatest.FlatSpec.withFixture(FlatSpec.scala:1683)
	at org.scalatest.FlatSpecLike$class.invokeWithFixture$1(FlatSpecLike.scala:1644)
	at org.scalatest.FlatSpecLike$$anonfun$runTest$1.apply(FlatSpecLike.scala:1656)
	at org.scalatest.FlatSpecLike$$anonfun$runTest$1.apply(FlatSpecLike.scala:1656)
	at org.scalatest.SuperEngine.runTestImpl(Engine.scala:306)
	at org.scalatest.FlatSpecLike$class.runTest(FlatSpecLike.scala:1656)
	at system.provider.MessagingServiceTests.org$scalatest$BeforeAndAfter$$super$runTest(MessagingServiceTests.scala:28)
	at org.scalatest.BeforeAndAfter$class.runTest(BeforeAndAfter.scala:200)
	at system.provider.MessagingServiceTests.runTest(MessagingServiceTests.scala:28)
	at org.scalatest.FlatSpecLike$$anonfun$runTests$1.apply(FlatSpecLike.scala:1714)
	at org.scalatest.FlatSpecLike$$anonfun$runTests$1.apply(FlatSpecLike.scala:1714)
	at org.scalatest.SuperEngine$$anonfun$traverseSubNodes$1$1.apply(Engine.scala:413)
	at org.scalatest.SuperEngine$$anonfun$traverseSubNodes$1$1.apply(Engine.scala:401)
	at scala.collection.immutable.List.foreach(List.scala:381)
	at org.scalatest.SuperEngine.traverseSubNodes$1(Engine.scala:401)
	at org.scalatest.SuperEngine.org$scalatest$SuperEngine$$runTestsInBranch(Engine.scala:390)
	at org.scalatest.SuperEngine$$anonfun$traverseSubNodes$1$1.apply(Engine.scala:427)
	at org.scalatest.SuperEngine$$anonfun$traverseSubNodes$1$1.apply(Engine.scala:401)
	at scala.collection.immutable.List.foreach(List.scala:381)
	at org.scalatest.SuperEngine.traverseSubNodes$1(Engine.scala:401)
	at org.scalatest.SuperEngine.org$scalatest$SuperEngine$$runTestsInBranch(Engine.scala:396)
	at org.scalatest.SuperEngine.runTestsImpl(Engine.scala:483)
	at org.scalatest.FlatSpecLike$class.runTests(FlatSpecLike.scala:1714)
	at org.scalatest.FlatSpec.runTests(FlatSpec.scala:1683)
	at org.scalatest.Suite$class.run(Suite.scala:1424)
	at org.scalatest.FlatSpec.org$scalatest$FlatSpecLike$$super$run(FlatSpec.scala:1683)
	at org.scalatest.FlatSpecLike$$anonfun$run$1.apply(FlatSpecLike.scala:1760)
	at org.scalatest.FlatSpecLike$$anonfun$run$1.apply(FlatSpecLike.scala:1760)
	at org.scalatest.SuperEngine.runImpl(Engine.scala:545)
	at org.scalatest.FlatSpecLike$class.run(FlatSpecLike.scala:1760)
	at system.provider.MessagingServiceTests.org$scalatest$BeforeAndAfter$$super$run(MessagingServiceTests.scala:28)
	at org.scalatest.BeforeAndAfter$class.run(BeforeAndAfter.scala:241)
	at system.provider.MessagingServiceTests.run(MessagingServiceTests.scala:28)
	at org.scalatest.junit.JUnitRunner.run(JUnitRunner.scala:99)
	at org.gradle.api.internal.tasks.testing.junit.JUnitTestClassExecuter.runTestClass(JUnitTestClassExecuter.java:114)
	at org.gradle.api.internal.tasks.testing.junit.JUnitTestClassExecuter.execute(JUnitTestClassExecuter.java:57)
	at org.gradle.api.internal.tasks.testing.junit.JUnitTestClassProcessor.processTestClass(JUnitTestClassProcessor.java:66)
	at org.gradle.api.internal.tasks.testing.SuiteTestClassProcessor.processTestClass(SuiteTestClassProcessor.java:51)
	at sun.reflect.NativeMethodAccessorImpl.invoke0(Native Method)
	at sun.reflect.NativeMethodAccessorImpl.invoke(NativeMethodAccessorImpl.java:62)
	at sun.reflect.DelegatingMethodAccessorImpl.invoke(DelegatingMethodAccessorImpl.java:43)
	at java.lang.reflect.Method.invoke(Method.java:498)
	at org.gradle.internal.dispatch.ReflectionDispatch.dispatch(ReflectionDispatch.java:35)
	at org.gradle.internal.dispatch.ReflectionDispatch.dispatch(ReflectionDispatch.java:24)
	at org.gradle.internal.dispatch.ContextClassLoaderDispatch.dispatch(ContextClassLoaderDispatch.java:32)
	at org.gradle.internal.dispatch.ProxyDispatchAdapter$DispatchingInvocationHandler.invoke(ProxyDispatchAdapter.java:93)
	at com.sun.proxy.$Proxy2.processTestClass(Unknown Source)
	at org.gradle.api.internal.tasks.testing.worker.TestWorker.processTestClass(TestWorker.java:109)
	at sun.reflect.NativeMethodAccessorImpl.invoke0(Native Method)
	at sun.reflect.NativeMethodAccessorImpl.invoke(NativeMethodAccessorImpl.java:62)
	at sun.reflect.DelegatingMethodAccessorImpl.invoke(DelegatingMethodAccessorImpl.java:43)
	at java.lang.reflect.Method.invoke(Method.java:498)
	at org.gradle.internal.dispatch.ReflectionDispatch.dispatch(ReflectionDispatch.java:35)
	at org.gradle.internal.dispatch.ReflectionDispatch.dispatch(ReflectionDispatch.java:24)
	at org.gradle.internal.remote.internal.hub.MessageHub$Handler.run(MessageHub.java:377)
	at org.gradle.internal.concurrent.ExecutorPolicy$CatchAndRecordFailures.onExecute(ExecutorPolicy.java:54)
	at org.gradle.internal.concurrent.StoppableExecutorImpl$1.run(StoppableExecutorImpl.java:40)
	at java.util.concurrent.ThreadPoolExecutor.runWorker(ThreadPoolExecutor.java:1142)
	at java.util.concurrent.ThreadPoolExecutor$Worker.run(ThreadPoolExecutor.java:617)
	at java.lang.Thread.run(Thread.java:745)
Caused by: java.lang.NumberFormatException: For input string: &quot;null&quot;
	at java.lang.NumberFormatException.forInputString(NumberFormatException.java:65)
	at java.lang.Integer.parseInt(Integer.java:580)
	at java.lang.Integer.parseInt(Integer.java:615)
	at java.net.URLStreamHandler.parseURL(URLStreamHandler.java:216)
	at java.net.URL.&lt;init&gt;(URL.java:622)
	... 126 more
</failure>
  </testcase>
  <testcase name="Messaging feed provider endpoint should reject post of a trigger due to missing brokers argument" classname="system.provider.MessagingServiceTests" time="0.004">
    <failure message="java.net.MalformedURLException: For input string: &quot;null&quot;" type="java.net.MalformedURLException">java.net.MalformedURLException: For input string: &quot;null&quot;
	at java.net.URL.&lt;init&gt;(URL.java:627)
	at java.net.URL.&lt;init&gt;(URL.java:490)
	at java.net.URL.&lt;init&gt;(URL.java:439)
	at sun.reflect.NativeConstructorAccessorImpl.newInstance0(Native Method)
	at sun.reflect.NativeConstructorAccessorImpl.newInstance(NativeConstructorAccessorImpl.java:62)
	at sun.reflect.DelegatingConstructorAccessorImpl.newInstance(DelegatingConstructorAccessorImpl.java:45)
	at java.lang.reflect.Constructor.newInstance(Constructor.java:423)
	at org.codehaus.groovy.reflection.CachedConstructor.invoke(CachedConstructor.java:77)
	at org.codehaus.groovy.runtime.callsite.ConstructorSite$ConstructorSiteNoUnwrapNoCoerce.callConstructor(ConstructorSite.java:102)
	at org.codehaus.groovy.runtime.callsite.AbstractCallSite.callConstructor(AbstractCallSite.java:244)
	at com.jayway.restassured.internal.RequestSpecificationImpl.getTargetURI(RequestSpecificationImpl.groovy:1364)
	at sun.reflect.NativeMethodAccessorImpl.invoke0(Native Method)
	at sun.reflect.NativeMethodAccessorImpl.invoke(NativeMethodAccessorImpl.java:62)
	at sun.reflect.DelegatingMethodAccessorImpl.invoke(DelegatingMethodAccessorImpl.java:43)
	at java.lang.reflect.Method.invoke(Method.java:498)
	at org.codehaus.groovy.reflection.CachedMethod.invoke(CachedMethod.java:90)
	at groovy.lang.MetaMethod.doMethodInvoke(MetaMethod.java:324)
	at groovy.lang.MetaClassImpl.invokeMethod(MetaClassImpl.java:1207)
	at groovy.lang.MetaClassImpl.invokeMethod(MetaClassImpl.java:1016)
	at groovy.lang.MetaClassImpl.invokeMethod(MetaClassImpl.java:807)
	at com.jayway.restassured.internal.RequestSpecificationImpl.invokeMethod(RequestSpecificationImpl.groovy)
	at org.codehaus.groovy.runtime.callsite.PogoInterceptableSite.call(PogoInterceptableSite.java:45)
	at org.codehaus.groovy.runtime.callsite.PogoInterceptableSite.callCurrent(PogoInterceptableSite.java:55)
	at org.codehaus.groovy.runtime.callsite.AbstractCallSite.callCurrent(AbstractCallSite.java:163)
	at com.jayway.restassured.internal.RequestSpecificationImpl.applyPathParamsAndEncodePath(RequestSpecificationImpl.groovy:1446)
	at sun.reflect.NativeMethodAccessorImpl.invoke0(Native Method)
	at sun.reflect.NativeMethodAccessorImpl.invoke(NativeMethodAccessorImpl.java:62)
	at sun.reflect.DelegatingMethodAccessorImpl.invoke(DelegatingMethodAccessorImpl.java:43)
	at java.lang.reflect.Method.invoke(Method.java:498)
	at org.codehaus.groovy.reflection.CachedMethod.invoke(CachedMethod.java:90)
	at groovy.lang.MetaMethod.doMethodInvoke(MetaMethod.java:324)
	at groovy.lang.MetaClassImpl.invokeMethod(MetaClassImpl.java:1207)
	at groovy.lang.MetaClassImpl.invokeMethod(MetaClassImpl.java:1016)
	at groovy.lang.MetaClassImpl.invokeMethod(MetaClassImpl.java:807)
	at com.jayway.restassured.internal.RequestSpecificationImpl.invokeMethod(RequestSpecificationImpl.groovy)
	at org.codehaus.groovy.runtime.callsite.PogoInterceptableSite.call(PogoInterceptableSite.java:45)
	at org.codehaus.groovy.runtime.callsite.PogoInterceptableSite.callCurrent(PogoInterceptableSite.java:55)
	at org.codehaus.groovy.runtime.callsite.AbstractCallSite.callCurrent(AbstractCallSite.java:171)
	at com.jayway.restassured.internal.RequestSpecificationImpl.applyPathParamsAndSendRequest(RequestSpecificationImpl.groovy:1424)
	at sun.reflect.NativeMethodAccessorImpl.invoke0(Native Method)
	at sun.reflect.NativeMethodAccessorImpl.invoke(NativeMethodAccessorImpl.java:62)
	at sun.reflect.DelegatingMethodAccessorImpl.invoke(DelegatingMethodAccessorImpl.java:43)
	at java.lang.reflect.Method.invoke(Method.java:498)
	at org.codehaus.groovy.reflection.CachedMethod.invoke(CachedMethod.java:90)
	at groovy.lang.MetaMethod.doMethodInvoke(MetaMethod.java:324)
	at groovy.lang.MetaClassImpl.invokeMethod(MetaClassImpl.java:1207)
	at groovy.lang.MetaClassImpl.invokeMethod(MetaClassImpl.java:1016)
	at groovy.lang.MetaClassImpl.invokeMethod(MetaClassImpl.java:807)
	at com.jayway.restassured.internal.RequestSpecificationImpl.invokeMethod(RequestSpecificationImpl.groovy)
	at org.codehaus.groovy.runtime.callsite.PogoInterceptableSite.call(PogoInterceptableSite.java:45)
	at org.codehaus.groovy.runtime.callsite.PogoInterceptableSite.callCurrent(PogoInterceptableSite.java:55)
	at org.codehaus.groovy.runtime.callsite.AbstractCallSite.callCurrent(AbstractCallSite.java:179)
	at com.jayway.restassured.internal.RequestSpecificationImpl.put(RequestSpecificationImpl.groovy:158)
	at com.jayway.restassured.internal.RequestSpecificationImpl.put(RequestSpecificationImpl.groovy)
	at system.provider.MessagingServiceTests.makePutCallWithExpectedResult(MessagingServiceTests.scala:41)
	at system.provider.MessagingServiceTests$$anonfun$3.apply$mcV$sp(MessagingServiceTests.scala:74)
	at system.provider.MessagingServiceTests$$anonfun$3.apply(MessagingServiceTests.scala:63)
	at system.provider.MessagingServiceTests$$anonfun$3.apply(MessagingServiceTests.scala:63)
	at org.scalatest.Transformer$$anonfun$apply$1.apply$mcV$sp(Transformer.scala:22)
	at org.scalatest.OutcomeOf$class.outcomeOf(OutcomeOf.scala:85)
	at org.scalatest.OutcomeOf$.outcomeOf(OutcomeOf.scala:104)
	at org.scalatest.Transformer.apply(Transformer.scala:22)
	at org.scalatest.Transformer.apply(Transformer.scala:20)
	at org.scalatest.FlatSpecLike$$anon$1.apply(FlatSpecLike.scala:1647)
	at org.scalatest.Suite$class.withFixture(Suite.scala:1122)
	at org.scalatest.FlatSpec.withFixture(FlatSpec.scala:1683)
	at org.scalatest.FlatSpecLike$class.invokeWithFixture$1(FlatSpecLike.scala:1644)
	at org.scalatest.FlatSpecLike$$anonfun$runTest$1.apply(FlatSpecLike.scala:1656)
	at org.scalatest.FlatSpecLike$$anonfun$runTest$1.apply(FlatSpecLike.scala:1656)
	at org.scalatest.SuperEngine.runTestImpl(Engine.scala:306)
	at org.scalatest.FlatSpecLike$class.runTest(FlatSpecLike.scala:1656)
	at system.provider.MessagingServiceTests.org$scalatest$BeforeAndAfter$$super$runTest(MessagingServiceTests.scala:28)
	at org.scalatest.BeforeAndAfter$class.runTest(BeforeAndAfter.scala:200)
	at system.provider.MessagingServiceTests.runTest(MessagingServiceTests.scala:28)
	at org.scalatest.FlatSpecLike$$anonfun$runTests$1.apply(FlatSpecLike.scala:1714)
	at org.scalatest.FlatSpecLike$$anonfun$runTests$1.apply(FlatSpecLike.scala:1714)
	at org.scalatest.SuperEngine$$anonfun$traverseSubNodes$1$1.apply(Engine.scala:413)
	at org.scalatest.SuperEngine$$anonfun$traverseSubNodes$1$1.apply(Engine.scala:401)
	at scala.collection.immutable.List.foreach(List.scala:381)
	at org.scalatest.SuperEngine.traverseSubNodes$1(Engine.scala:401)
	at org.scalatest.SuperEngine.org$scalatest$SuperEngine$$runTestsInBranch(Engine.scala:390)
	at org.scalatest.SuperEngine$$anonfun$traverseSubNodes$1$1.apply(Engine.scala:427)
	at org.scalatest.SuperEngine$$anonfun$traverseSubNodes$1$1.apply(Engine.scala:401)
	at scala.collection.immutable.List.foreach(List.scala:381)
	at org.scalatest.SuperEngine.traverseSubNodes$1(Engine.scala:401)
	at org.scalatest.SuperEngine.org$scalatest$SuperEngine$$runTestsInBranch(Engine.scala:396)
	at org.scalatest.SuperEngine.runTestsImpl(Engine.scala:483)
	at org.scalatest.FlatSpecLike$class.runTests(FlatSpecLike.scala:1714)
	at org.scalatest.FlatSpec.runTests(FlatSpec.scala:1683)
	at org.scalatest.Suite$class.run(Suite.scala:1424)
	at org.scalatest.FlatSpec.org$scalatest$FlatSpecLike$$super$run(FlatSpec.scala:1683)
	at org.scalatest.FlatSpecLike$$anonfun$run$1.apply(FlatSpecLike.scala:1760)
	at org.scalatest.FlatSpecLike$$anonfun$run$1.apply(FlatSpecLike.scala:1760)
	at org.scalatest.SuperEngine.runImpl(Engine.scala:545)
	at org.scalatest.FlatSpecLike$class.run(FlatSpecLike.scala:1760)
	at system.provider.MessagingServiceTests.org$scalatest$BeforeAndAfter$$super$run(MessagingServiceTests.scala:28)
	at org.scalatest.BeforeAndAfter$class.run(BeforeAndAfter.scala:241)
	at system.provider.MessagingServiceTests.run(MessagingServiceTests.scala:28)
	at org.scalatest.junit.JUnitRunner.run(JUnitRunner.scala:99)
	at org.gradle.api.internal.tasks.testing.junit.JUnitTestClassExecuter.runTestClass(JUnitTestClassExecuter.java:114)
	at org.gradle.api.internal.tasks.testing.junit.JUnitTestClassExecuter.execute(JUnitTestClassExecuter.java:57)
	at org.gradle.api.internal.tasks.testing.junit.JUnitTestClassProcessor.processTestClass(JUnitTestClassProcessor.java:66)
	at org.gradle.api.internal.tasks.testing.SuiteTestClassProcessor.processTestClass(SuiteTestClassProcessor.java:51)
	at sun.reflect.NativeMethodAccessorImpl.invoke0(Native Method)
	at sun.reflect.NativeMethodAccessorImpl.invoke(NativeMethodAccessorImpl.java:62)
	at sun.reflect.DelegatingMethodAccessorImpl.invoke(DelegatingMethodAccessorImpl.java:43)
	at java.lang.reflect.Method.invoke(Method.java:498)
	at org.gradle.internal.dispatch.ReflectionDispatch.dispatch(ReflectionDispatch.java:35)
	at org.gradle.internal.dispatch.ReflectionDispatch.dispatch(ReflectionDispatch.java:24)
	at org.gradle.internal.dispatch.ContextClassLoaderDispatch.dispatch(ContextClassLoaderDispatch.java:32)
	at org.gradle.internal.dispatch.ProxyDispatchAdapter$DispatchingInvocationHandler.invoke(ProxyDispatchAdapter.java:93)
	at com.sun.proxy.$Proxy2.processTestClass(Unknown Source)
	at org.gradle.api.internal.tasks.testing.worker.TestWorker.processTestClass(TestWorker.java:109)
	at sun.reflect.NativeMethodAccessorImpl.invoke0(Native Method)
	at sun.reflect.NativeMethodAccessorImpl.invoke(NativeMethodAccessorImpl.java:62)
	at sun.reflect.DelegatingMethodAccessorImpl.invoke(DelegatingMethodAccessorImpl.java:43)
	at java.lang.reflect.Method.invoke(Method.java:498)
	at org.gradle.internal.dispatch.ReflectionDispatch.dispatch(ReflectionDispatch.java:35)
	at org.gradle.internal.dispatch.ReflectionDispatch.dispatch(ReflectionDispatch.java:24)
	at org.gradle.internal.remote.internal.hub.MessageHub$Handler.run(MessageHub.java:377)
	at org.gradle.internal.concurrent.ExecutorPolicy$CatchAndRecordFailures.onExecute(ExecutorPolicy.java:54)
	at org.gradle.internal.concurrent.StoppableExecutorImpl$1.run(StoppableExecutorImpl.java:40)
	at java.util.concurrent.ThreadPoolExecutor.runWorker(ThreadPoolExecutor.java:1142)
	at java.util.concurrent.ThreadPoolExecutor$Worker.run(ThreadPoolExecutor.java:617)
	at java.lang.Thread.run(Thread.java:745)
Caused by: java.lang.NumberFormatException: For input string: &quot;null&quot;
	at java.lang.NumberFormatException.forInputString(NumberFormatException.java:65)
	at java.lang.Integer.parseInt(Integer.java:580)
	at java.lang.Integer.parseInt(Integer.java:615)
	at java.net.URLStreamHandler.parseURL(URLStreamHandler.java:216)
	at java.net.URL.&lt;init&gt;(URL.java:622)
	... 124 more
</failure>
  </testcase>
  <testcase name="Messaging feed provider endpoint should reject post of a trigger due to missing topic argument" classname="system.provider.MessagingServiceTests" time="0.003">
    <failure message="java.net.MalformedURLException: For input string: &quot;null&quot;" type="java.net.MalformedURLException">java.net.MalformedURLException: For input string: &quot;null&quot;
	at java.net.URL.&lt;init&gt;(URL.java:627)
	at java.net.URL.&lt;init&gt;(URL.java:490)
	at java.net.URL.&lt;init&gt;(URL.java:439)
	at sun.reflect.NativeConstructorAccessorImpl.newInstance0(Native Method)
	at sun.reflect.NativeConstructorAccessorImpl.newInstance(NativeConstructorAccessorImpl.java:62)
	at sun.reflect.DelegatingConstructorAccessorImpl.newInstance(DelegatingConstructorAccessorImpl.java:45)
	at java.lang.reflect.Constructor.newInstance(Constructor.java:423)
	at org.codehaus.groovy.reflection.CachedConstructor.invoke(CachedConstructor.java:77)
	at org.codehaus.groovy.runtime.callsite.ConstructorSite$ConstructorSiteNoUnwrapNoCoerce.callConstructor(ConstructorSite.java:102)
	at org.codehaus.groovy.runtime.callsite.AbstractCallSite.callConstructor(AbstractCallSite.java:244)
	at com.jayway.restassured.internal.RequestSpecificationImpl.getTargetURI(RequestSpecificationImpl.groovy:1364)
	at sun.reflect.NativeMethodAccessorImpl.invoke0(Native Method)
	at sun.reflect.NativeMethodAccessorImpl.invoke(NativeMethodAccessorImpl.java:62)
	at sun.reflect.DelegatingMethodAccessorImpl.invoke(DelegatingMethodAccessorImpl.java:43)
	at java.lang.reflect.Method.invoke(Method.java:498)
	at org.codehaus.groovy.reflection.CachedMethod.invoke(CachedMethod.java:90)
	at groovy.lang.MetaMethod.doMethodInvoke(MetaMethod.java:324)
	at groovy.lang.MetaClassImpl.invokeMethod(MetaClassImpl.java:1207)
	at groovy.lang.MetaClassImpl.invokeMethod(MetaClassImpl.java:1016)
	at groovy.lang.MetaClassImpl.invokeMethod(MetaClassImpl.java:807)
	at com.jayway.restassured.internal.RequestSpecificationImpl.invokeMethod(RequestSpecificationImpl.groovy)
	at org.codehaus.groovy.runtime.callsite.PogoInterceptableSite.call(PogoInterceptableSite.java:45)
	at org.codehaus.groovy.runtime.callsite.PogoInterceptableSite.callCurrent(PogoInterceptableSite.java:55)
	at org.codehaus.groovy.runtime.callsite.AbstractCallSite.callCurrent(AbstractCallSite.java:163)
	at com.jayway.restassured.internal.RequestSpecificationImpl.applyPathParamsAndEncodePath(RequestSpecificationImpl.groovy:1446)
	at sun.reflect.NativeMethodAccessorImpl.invoke0(Native Method)
	at sun.reflect.NativeMethodAccessorImpl.invoke(NativeMethodAccessorImpl.java:62)
	at sun.reflect.DelegatingMethodAccessorImpl.invoke(DelegatingMethodAccessorImpl.java:43)
	at java.lang.reflect.Method.invoke(Method.java:498)
	at org.codehaus.groovy.reflection.CachedMethod.invoke(CachedMethod.java:90)
	at groovy.lang.MetaMethod.doMethodInvoke(MetaMethod.java:324)
	at groovy.lang.MetaClassImpl.invokeMethod(MetaClassImpl.java:1207)
	at groovy.lang.MetaClassImpl.invokeMethod(MetaClassImpl.java:1016)
	at groovy.lang.MetaClassImpl.invokeMethod(MetaClassImpl.java:807)
	at com.jayway.restassured.internal.RequestSpecificationImpl.invokeMethod(RequestSpecificationImpl.groovy)
	at org.codehaus.groovy.runtime.callsite.PogoInterceptableSite.call(PogoInterceptableSite.java:45)
	at org.codehaus.groovy.runtime.callsite.PogoInterceptableSite.callCurrent(PogoInterceptableSite.java:55)
	at org.codehaus.groovy.runtime.callsite.AbstractCallSite.callCurrent(AbstractCallSite.java:171)
	at com.jayway.restassured.internal.RequestSpecificationImpl.applyPathParamsAndSendRequest(RequestSpecificationImpl.groovy:1424)
	at sun.reflect.NativeMethodAccessorImpl.invoke0(Native Method)
	at sun.reflect.NativeMethodAccessorImpl.invoke(NativeMethodAccessorImpl.java:62)
	at sun.reflect.DelegatingMethodAccessorImpl.invoke(DelegatingMethodAccessorImpl.java:43)
	at java.lang.reflect.Method.invoke(Method.java:498)
	at org.codehaus.groovy.reflection.CachedMethod.invoke(CachedMethod.java:90)
	at groovy.lang.MetaMethod.doMethodInvoke(MetaMethod.java:324)
	at groovy.lang.MetaClassImpl.invokeMethod(MetaClassImpl.java:1207)
	at groovy.lang.MetaClassImpl.invokeMethod(MetaClassImpl.java:1016)
	at groovy.lang.MetaClassImpl.invokeMethod(MetaClassImpl.java:807)
	at com.jayway.restassured.internal.RequestSpecificationImpl.invokeMethod(RequestSpecificationImpl.groovy)
	at org.codehaus.groovy.runtime.callsite.PogoInterceptableSite.call(PogoInterceptableSite.java:45)
	at org.codehaus.groovy.runtime.callsite.PogoInterceptableSite.callCurrent(PogoInterceptableSite.java:55)
	at org.codehaus.groovy.runtime.callsite.AbstractCallSite.callCurrent(AbstractCallSite.java:179)
	at com.jayway.restassured.internal.RequestSpecificationImpl.put(RequestSpecificationImpl.groovy:158)
	at com.jayway.restassured.internal.RequestSpecificationImpl.put(RequestSpecificationImpl.groovy)
	at system.provider.MessagingServiceTests.makePutCallWithExpectedResult(MessagingServiceTests.scala:41)
	at system.provider.MessagingServiceTests$$anonfun$4.apply$mcV$sp(MessagingServiceTests.scala:88)
	at system.provider.MessagingServiceTests$$anonfun$4.apply(MessagingServiceTests.scala:77)
	at system.provider.MessagingServiceTests$$anonfun$4.apply(MessagingServiceTests.scala:77)
	at org.scalatest.Transformer$$anonfun$apply$1.apply$mcV$sp(Transformer.scala:22)
	at org.scalatest.OutcomeOf$class.outcomeOf(OutcomeOf.scala:85)
	at org.scalatest.OutcomeOf$.outcomeOf(OutcomeOf.scala:104)
	at org.scalatest.Transformer.apply(Transformer.scala:22)
	at org.scalatest.Transformer.apply(Transformer.scala:20)
	at org.scalatest.FlatSpecLike$$anon$1.apply(FlatSpecLike.scala:1647)
	at org.scalatest.Suite$class.withFixture(Suite.scala:1122)
	at org.scalatest.FlatSpec.withFixture(FlatSpec.scala:1683)
	at org.scalatest.FlatSpecLike$class.invokeWithFixture$1(FlatSpecLike.scala:1644)
	at org.scalatest.FlatSpecLike$$anonfun$runTest$1.apply(FlatSpecLike.scala:1656)
	at org.scalatest.FlatSpecLike$$anonfun$runTest$1.apply(FlatSpecLike.scala:1656)
	at org.scalatest.SuperEngine.runTestImpl(Engine.scala:306)
	at org.scalatest.FlatSpecLike$class.runTest(FlatSpecLike.scala:1656)
	at system.provider.MessagingServiceTests.org$scalatest$BeforeAndAfter$$super$runTest(MessagingServiceTests.scala:28)
	at org.scalatest.BeforeAndAfter$class.runTest(BeforeAndAfter.scala:200)
	at system.provider.MessagingServiceTests.runTest(MessagingServiceTests.scala:28)
	at org.scalatest.FlatSpecLike$$anonfun$runTests$1.apply(FlatSpecLike.scala:1714)
	at org.scalatest.FlatSpecLike$$anonfun$runTests$1.apply(FlatSpecLike.scala:1714)
	at org.scalatest.SuperEngine$$anonfun$traverseSubNodes$1$1.apply(Engine.scala:413)
	at org.scalatest.SuperEngine$$anonfun$traverseSubNodes$1$1.apply(Engine.scala:401)
	at scala.collection.immutable.List.foreach(List.scala:381)
	at org.scalatest.SuperEngine.traverseSubNodes$1(Engine.scala:401)
	at org.scalatest.SuperEngine.org$scalatest$SuperEngine$$runTestsInBranch(Engine.scala:390)
	at org.scalatest.SuperEngine$$anonfun$traverseSubNodes$1$1.apply(Engine.scala:427)
	at org.scalatest.SuperEngine$$anonfun$traverseSubNodes$1$1.apply(Engine.scala:401)
	at scala.collection.immutable.List.foreach(List.scala:381)
	at org.scalatest.SuperEngine.traverseSubNodes$1(Engine.scala:401)
	at org.scalatest.SuperEngine.org$scalatest$SuperEngine$$runTestsInBranch(Engine.scala:396)
	at org.scalatest.SuperEngine.runTestsImpl(Engine.scala:483)
	at org.scalatest.FlatSpecLike$class.runTests(FlatSpecLike.scala:1714)
	at org.scalatest.FlatSpec.runTests(FlatSpec.scala:1683)
	at org.scalatest.Suite$class.run(Suite.scala:1424)
	at org.scalatest.FlatSpec.org$scalatest$FlatSpecLike$$super$run(FlatSpec.scala:1683)
	at org.scalatest.FlatSpecLike$$anonfun$run$1.apply(FlatSpecLike.scala:1760)
	at org.scalatest.FlatSpecLike$$anonfun$run$1.apply(FlatSpecLike.scala:1760)
	at org.scalatest.SuperEngine.runImpl(Engine.scala:545)
	at org.scalatest.FlatSpecLike$class.run(FlatSpecLike.scala:1760)
	at system.provider.MessagingServiceTests.org$scalatest$BeforeAndAfter$$super$run(MessagingServiceTests.scala:28)
	at org.scalatest.BeforeAndAfter$class.run(BeforeAndAfter.scala:241)
	at system.provider.MessagingServiceTests.run(MessagingServiceTests.scala:28)
	at org.scalatest.junit.JUnitRunner.run(JUnitRunner.scala:99)
	at org.gradle.api.internal.tasks.testing.junit.JUnitTestClassExecuter.runTestClass(JUnitTestClassExecuter.java:114)
	at org.gradle.api.internal.tasks.testing.junit.JUnitTestClassExecuter.execute(JUnitTestClassExecuter.java:57)
	at org.gradle.api.internal.tasks.testing.junit.JUnitTestClassProcessor.processTestClass(JUnitTestClassProcessor.java:66)
	at org.gradle.api.internal.tasks.testing.SuiteTestClassProcessor.processTestClass(SuiteTestClassProcessor.java:51)
	at sun.reflect.NativeMethodAccessorImpl.invoke0(Native Method)
	at sun.reflect.NativeMethodAccessorImpl.invoke(NativeMethodAccessorImpl.java:62)
	at sun.reflect.DelegatingMethodAccessorImpl.invoke(DelegatingMethodAccessorImpl.java:43)
	at java.lang.reflect.Method.invoke(Method.java:498)
	at org.gradle.internal.dispatch.ReflectionDispatch.dispatch(ReflectionDispatch.java:35)
	at org.gradle.internal.dispatch.ReflectionDispatch.dispatch(ReflectionDispatch.java:24)
	at org.gradle.internal.dispatch.ContextClassLoaderDispatch.dispatch(ContextClassLoaderDispatch.java:32)
	at org.gradle.internal.dispatch.ProxyDispatchAdapter$DispatchingInvocationHandler.invoke(ProxyDispatchAdapter.java:93)
	at com.sun.proxy.$Proxy2.processTestClass(Unknown Source)
	at org.gradle.api.internal.tasks.testing.worker.TestWorker.processTestClass(TestWorker.java:109)
	at sun.reflect.NativeMethodAccessorImpl.invoke0(Native Method)
	at sun.reflect.NativeMethodAccessorImpl.invoke(NativeMethodAccessorImpl.java:62)
	at sun.reflect.DelegatingMethodAccessorImpl.invoke(DelegatingMethodAccessorImpl.java:43)
	at java.lang.reflect.Method.invoke(Method.java:498)
	at org.gradle.internal.dispatch.ReflectionDispatch.dispatch(ReflectionDispatch.java:35)
	at org.gradle.internal.dispatch.ReflectionDispatch.dispatch(ReflectionDispatch.java:24)
	at org.gradle.internal.remote.internal.hub.MessageHub$Handler.run(MessageHub.java:377)
	at org.gradle.internal.concurrent.ExecutorPolicy$CatchAndRecordFailures.onExecute(ExecutorPolicy.java:54)
	at org.gradle.internal.concurrent.StoppableExecutorImpl$1.run(StoppableExecutorImpl.java:40)
	at java.util.concurrent.ThreadPoolExecutor.runWorker(ThreadPoolExecutor.java:1142)
	at java.util.concurrent.ThreadPoolExecutor$Worker.run(ThreadPoolExecutor.java:617)
	at java.lang.Thread.run(Thread.java:745)
Caused by: java.lang.NumberFormatException: For input string: &quot;null&quot;
	at java.lang.NumberFormatException.forInputString(NumberFormatException.java:65)
	at java.lang.Integer.parseInt(Integer.java:580)
	at java.lang.Integer.parseInt(Integer.java:615)
	at java.net.URLStreamHandler.parseURL(URLStreamHandler.java:216)
	at java.net.URL.&lt;init&gt;(URL.java:622)
	... 124 more
</failure>
  </testcase>
  <testcase name="Messaging feed provider endpoint should reject post of a trigger due to missing triggerURL argument" classname="system.provider.MessagingServiceTests" time="0.001">
    <failure message="java.net.MalformedURLException: For input string: &quot;null&quot;" type="java.net.MalformedURLException">java.net.MalformedURLException: For input string: &quot;null&quot;
	at java.net.URL.&lt;init&gt;(URL.java:627)
	at java.net.URL.&lt;init&gt;(URL.java:490)
	at java.net.URL.&lt;init&gt;(URL.java:439)
	at sun.reflect.NativeConstructorAccessorImpl.newInstance0(Native Method)
	at sun.reflect.NativeConstructorAccessorImpl.newInstance(NativeConstructorAccessorImpl.java:62)
	at sun.reflect.DelegatingConstructorAccessorImpl.newInstance(DelegatingConstructorAccessorImpl.java:45)
	at java.lang.reflect.Constructor.newInstance(Constructor.java:423)
	at org.codehaus.groovy.reflection.CachedConstructor.invoke(CachedConstructor.java:77)
	at org.codehaus.groovy.runtime.callsite.ConstructorSite$ConstructorSiteNoUnwrapNoCoerce.callConstructor(ConstructorSite.java:102)
	at org.codehaus.groovy.runtime.callsite.AbstractCallSite.callConstructor(AbstractCallSite.java:244)
	at com.jayway.restassured.internal.RequestSpecificationImpl.getTargetURI(RequestSpecificationImpl.groovy:1364)
	at sun.reflect.NativeMethodAccessorImpl.invoke0(Native Method)
	at sun.reflect.NativeMethodAccessorImpl.invoke(NativeMethodAccessorImpl.java:62)
	at sun.reflect.DelegatingMethodAccessorImpl.invoke(DelegatingMethodAccessorImpl.java:43)
	at java.lang.reflect.Method.invoke(Method.java:498)
	at org.codehaus.groovy.reflection.CachedMethod.invoke(CachedMethod.java:90)
	at groovy.lang.MetaMethod.doMethodInvoke(MetaMethod.java:324)
	at groovy.lang.MetaClassImpl.invokeMethod(MetaClassImpl.java:1207)
	at groovy.lang.MetaClassImpl.invokeMethod(MetaClassImpl.java:1016)
	at groovy.lang.MetaClassImpl.invokeMethod(MetaClassImpl.java:807)
	at com.jayway.restassured.internal.RequestSpecificationImpl.invokeMethod(RequestSpecificationImpl.groovy)
	at org.codehaus.groovy.runtime.callsite.PogoInterceptableSite.call(PogoInterceptableSite.java:45)
	at org.codehaus.groovy.runtime.callsite.PogoInterceptableSite.callCurrent(PogoInterceptableSite.java:55)
	at org.codehaus.groovy.runtime.callsite.AbstractCallSite.callCurrent(AbstractCallSite.java:163)
	at com.jayway.restassured.internal.RequestSpecificationImpl.applyPathParamsAndEncodePath(RequestSpecificationImpl.groovy:1446)
	at sun.reflect.NativeMethodAccessorImpl.invoke0(Native Method)
	at sun.reflect.NativeMethodAccessorImpl.invoke(NativeMethodAccessorImpl.java:62)
	at sun.reflect.DelegatingMethodAccessorImpl.invoke(DelegatingMethodAccessorImpl.java:43)
	at java.lang.reflect.Method.invoke(Method.java:498)
	at org.codehaus.groovy.reflection.CachedMethod.invoke(CachedMethod.java:90)
	at groovy.lang.MetaMethod.doMethodInvoke(MetaMethod.java:324)
	at groovy.lang.MetaClassImpl.invokeMethod(MetaClassImpl.java:1207)
	at groovy.lang.MetaClassImpl.invokeMethod(MetaClassImpl.java:1016)
	at groovy.lang.MetaClassImpl.invokeMethod(MetaClassImpl.java:807)
	at com.jayway.restassured.internal.RequestSpecificationImpl.invokeMethod(RequestSpecificationImpl.groovy)
	at org.codehaus.groovy.runtime.callsite.PogoInterceptableSite.call(PogoInterceptableSite.java:45)
	at org.codehaus.groovy.runtime.callsite.PogoInterceptableSite.callCurrent(PogoInterceptableSite.java:55)
	at org.codehaus.groovy.runtime.callsite.AbstractCallSite.callCurrent(AbstractCallSite.java:171)
	at com.jayway.restassured.internal.RequestSpecificationImpl.applyPathParamsAndSendRequest(RequestSpecificationImpl.groovy:1424)
	at sun.reflect.NativeMethodAccessorImpl.invoke0(Native Method)
	at sun.reflect.NativeMethodAccessorImpl.invoke(NativeMethodAccessorImpl.java:62)
	at sun.reflect.DelegatingMethodAccessorImpl.invoke(DelegatingMethodAccessorImpl.java:43)
	at java.lang.reflect.Method.invoke(Method.java:498)
	at org.codehaus.groovy.reflection.CachedMethod.invoke(CachedMethod.java:90)
	at groovy.lang.MetaMethod.doMethodInvoke(MetaMethod.java:324)
	at groovy.lang.MetaClassImpl.invokeMethod(MetaClassImpl.java:1207)
	at groovy.lang.MetaClassImpl.invokeMethod(MetaClassImpl.java:1016)
	at groovy.lang.MetaClassImpl.invokeMethod(MetaClassImpl.java:807)
	at com.jayway.restassured.internal.RequestSpecificationImpl.invokeMethod(RequestSpecificationImpl.groovy)
	at org.codehaus.groovy.runtime.callsite.PogoInterceptableSite.call(PogoInterceptableSite.java:45)
	at org.codehaus.groovy.runtime.callsite.PogoInterceptableSite.callCurrent(PogoInterceptableSite.java:55)
	at org.codehaus.groovy.runtime.callsite.AbstractCallSite.callCurrent(AbstractCallSite.java:179)
	at com.jayway.restassured.internal.RequestSpecificationImpl.put(RequestSpecificationImpl.groovy:158)
	at com.jayway.restassured.internal.RequestSpecificationImpl.put(RequestSpecificationImpl.groovy)
	at system.provider.MessagingServiceTests.makePutCallWithExpectedResult(MessagingServiceTests.scala:41)
	at system.provider.MessagingServiceTests$$anonfun$5.apply$mcV$sp(MessagingServiceTests.scala:102)
	at system.provider.MessagingServiceTests$$anonfun$5.apply(MessagingServiceTests.scala:91)
	at system.provider.MessagingServiceTests$$anonfun$5.apply(MessagingServiceTests.scala:91)
	at org.scalatest.Transformer$$anonfun$apply$1.apply$mcV$sp(Transformer.scala:22)
	at org.scalatest.OutcomeOf$class.outcomeOf(OutcomeOf.scala:85)
	at org.scalatest.OutcomeOf$.outcomeOf(OutcomeOf.scala:104)
	at org.scalatest.Transformer.apply(Transformer.scala:22)
	at org.scalatest.Transformer.apply(Transformer.scala:20)
	at org.scalatest.FlatSpecLike$$anon$1.apply(FlatSpecLike.scala:1647)
	at org.scalatest.Suite$class.withFixture(Suite.scala:1122)
	at org.scalatest.FlatSpec.withFixture(FlatSpec.scala:1683)
	at org.scalatest.FlatSpecLike$class.invokeWithFixture$1(FlatSpecLike.scala:1644)
	at org.scalatest.FlatSpecLike$$anonfun$runTest$1.apply(FlatSpecLike.scala:1656)
	at org.scalatest.FlatSpecLike$$anonfun$runTest$1.apply(FlatSpecLike.scala:1656)
	at org.scalatest.SuperEngine.runTestImpl(Engine.scala:306)
	at org.scalatest.FlatSpecLike$class.runTest(FlatSpecLike.scala:1656)
	at system.provider.MessagingServiceTests.org$scalatest$BeforeAndAfter$$super$runTest(MessagingServiceTests.scala:28)
	at org.scalatest.BeforeAndAfter$class.runTest(BeforeAndAfter.scala:200)
	at system.provider.MessagingServiceTests.runTest(MessagingServiceTests.scala:28)
	at org.scalatest.FlatSpecLike$$anonfun$runTests$1.apply(FlatSpecLike.scala:1714)
	at org.scalatest.FlatSpecLike$$anonfun$runTests$1.apply(FlatSpecLike.scala:1714)
	at org.scalatest.SuperEngine$$anonfun$traverseSubNodes$1$1.apply(Engine.scala:413)
	at org.scalatest.SuperEngine$$anonfun$traverseSubNodes$1$1.apply(Engine.scala:401)
	at scala.collection.immutable.List.foreach(List.scala:381)
	at org.scalatest.SuperEngine.traverseSubNodes$1(Engine.scala:401)
	at org.scalatest.SuperEngine.org$scalatest$SuperEngine$$runTestsInBranch(Engine.scala:390)
	at org.scalatest.SuperEngine$$anonfun$traverseSubNodes$1$1.apply(Engine.scala:427)
	at org.scalatest.SuperEngine$$anonfun$traverseSubNodes$1$1.apply(Engine.scala:401)
	at scala.collection.immutable.List.foreach(List.scala:381)
	at org.scalatest.SuperEngine.traverseSubNodes$1(Engine.scala:401)
	at org.scalatest.SuperEngine.org$scalatest$SuperEngine$$runTestsInBranch(Engine.scala:396)
	at org.scalatest.SuperEngine.runTestsImpl(Engine.scala:483)
	at org.scalatest.FlatSpecLike$class.runTests(FlatSpecLike.scala:1714)
	at org.scalatest.FlatSpec.runTests(FlatSpec.scala:1683)
	at org.scalatest.Suite$class.run(Suite.scala:1424)
	at org.scalatest.FlatSpec.org$scalatest$FlatSpecLike$$super$run(FlatSpec.scala:1683)
	at org.scalatest.FlatSpecLike$$anonfun$run$1.apply(FlatSpecLike.scala:1760)
	at org.scalatest.FlatSpecLike$$anonfun$run$1.apply(FlatSpecLike.scala:1760)
	at org.scalatest.SuperEngine.runImpl(Engine.scala:545)
	at org.scalatest.FlatSpecLike$class.run(FlatSpecLike.scala:1760)
	at system.provider.MessagingServiceTests.org$scalatest$BeforeAndAfter$$super$run(MessagingServiceTests.scala:28)
	at org.scalatest.BeforeAndAfter$class.run(BeforeAndAfter.scala:241)
	at system.provider.MessagingServiceTests.run(MessagingServiceTests.scala:28)
	at org.scalatest.junit.JUnitRunner.run(JUnitRunner.scala:99)
	at org.gradle.api.internal.tasks.testing.junit.JUnitTestClassExecuter.runTestClass(JUnitTestClassExecuter.java:114)
	at org.gradle.api.internal.tasks.testing.junit.JUnitTestClassExecuter.execute(JUnitTestClassExecuter.java:57)
	at org.gradle.api.internal.tasks.testing.junit.JUnitTestClassProcessor.processTestClass(JUnitTestClassProcessor.java:66)
	at org.gradle.api.internal.tasks.testing.SuiteTestClassProcessor.processTestClass(SuiteTestClassProcessor.java:51)
	at sun.reflect.NativeMethodAccessorImpl.invoke0(Native Method)
	at sun.reflect.NativeMethodAccessorImpl.invoke(NativeMethodAccessorImpl.java:62)
	at sun.reflect.DelegatingMethodAccessorImpl.invoke(DelegatingMethodAccessorImpl.java:43)
	at java.lang.reflect.Method.invoke(Method.java:498)
	at org.gradle.internal.dispatch.ReflectionDispatch.dispatch(ReflectionDispatch.java:35)
	at org.gradle.internal.dispatch.ReflectionDispatch.dispatch(ReflectionDispatch.java:24)
	at org.gradle.internal.dispatch.ContextClassLoaderDispatch.dispatch(ContextClassLoaderDispatch.java:32)
	at org.gradle.internal.dispatch.ProxyDispatchAdapter$DispatchingInvocationHandler.invoke(ProxyDispatchAdapter.java:93)
	at com.sun.proxy.$Proxy2.processTestClass(Unknown Source)
	at org.gradle.api.internal.tasks.testing.worker.TestWorker.processTestClass(TestWorker.java:109)
	at sun.reflect.NativeMethodAccessorImpl.invoke0(Native Method)
	at sun.reflect.NativeMethodAccessorImpl.invoke(NativeMethodAccessorImpl.java:62)
	at sun.reflect.DelegatingMethodAccessorImpl.invoke(DelegatingMethodAccessorImpl.java:43)
	at java.lang.reflect.Method.invoke(Method.java:498)
	at org.gradle.internal.dispatch.ReflectionDispatch.dispatch(ReflectionDispatch.java:35)
	at org.gradle.internal.dispatch.ReflectionDispatch.dispatch(ReflectionDispatch.java:24)
	at org.gradle.internal.remote.internal.hub.MessageHub$Handler.run(MessageHub.java:377)
	at org.gradle.internal.concurrent.ExecutorPolicy$CatchAndRecordFailures.onExecute(ExecutorPolicy.java:54)
	at org.gradle.internal.concurrent.StoppableExecutorImpl$1.run(StoppableExecutorImpl.java:40)
	at java.util.concurrent.ThreadPoolExecutor.runWorker(ThreadPoolExecutor.java:1142)
	at java.util.concurrent.ThreadPoolExecutor$Worker.run(ThreadPoolExecutor.java:617)
	at java.lang.Thread.run(Thread.java:745)
Caused by: java.lang.NumberFormatException: For input string: &quot;null&quot;
	at java.lang.NumberFormatException.forInputString(NumberFormatException.java:65)
	at java.lang.Integer.parseInt(Integer.java:580)
	at java.lang.Integer.parseInt(Integer.java:615)
	at java.net.URLStreamHandler.parseURL(URLStreamHandler.java:216)
	at java.net.URL.&lt;init&gt;(URL.java:622)
	... 124 more
</failure>
  </testcase>
  <testcase name="Messaging feed provider endpoint should reject post of a trigger due to missing isMessageHub argument" classname="system.provider.MessagingServiceTests" time="0.002">
    <failure message="java.net.MalformedURLException: For input string: &quot;null&quot;" type="java.net.MalformedURLException">java.net.MalformedURLException: For input string: &quot;null&quot;
	at java.net.URL.&lt;init&gt;(URL.java:627)
	at java.net.URL.&lt;init&gt;(URL.java:490)
	at java.net.URL.&lt;init&gt;(URL.java:439)
	at sun.reflect.NativeConstructorAccessorImpl.newInstance0(Native Method)
	at sun.reflect.NativeConstructorAccessorImpl.newInstance(NativeConstructorAccessorImpl.java:62)
	at sun.reflect.DelegatingConstructorAccessorImpl.newInstance(DelegatingConstructorAccessorImpl.java:45)
	at java.lang.reflect.Constructor.newInstance(Constructor.java:423)
	at org.codehaus.groovy.reflection.CachedConstructor.invoke(CachedConstructor.java:77)
	at org.codehaus.groovy.runtime.callsite.ConstructorSite$ConstructorSiteNoUnwrapNoCoerce.callConstructor(ConstructorSite.java:102)
	at org.codehaus.groovy.runtime.callsite.AbstractCallSite.callConstructor(AbstractCallSite.java:244)
	at com.jayway.restassured.internal.RequestSpecificationImpl.getTargetURI(RequestSpecificationImpl.groovy:1364)
	at sun.reflect.NativeMethodAccessorImpl.invoke0(Native Method)
	at sun.reflect.NativeMethodAccessorImpl.invoke(NativeMethodAccessorImpl.java:62)
	at sun.reflect.DelegatingMethodAccessorImpl.invoke(DelegatingMethodAccessorImpl.java:43)
	at java.lang.reflect.Method.invoke(Method.java:498)
	at org.codehaus.groovy.reflection.CachedMethod.invoke(CachedMethod.java:90)
	at groovy.lang.MetaMethod.doMethodInvoke(MetaMethod.java:324)
	at groovy.lang.MetaClassImpl.invokeMethod(MetaClassImpl.java:1207)
	at groovy.lang.MetaClassImpl.invokeMethod(MetaClassImpl.java:1016)
	at groovy.lang.MetaClassImpl.invokeMethod(MetaClassImpl.java:807)
	at com.jayway.restassured.internal.RequestSpecificationImpl.invokeMethod(RequestSpecificationImpl.groovy)
	at org.codehaus.groovy.runtime.callsite.PogoInterceptableSite.call(PogoInterceptableSite.java:45)
	at org.codehaus.groovy.runtime.callsite.PogoInterceptableSite.callCurrent(PogoInterceptableSite.java:55)
	at org.codehaus.groovy.runtime.callsite.AbstractCallSite.callCurrent(AbstractCallSite.java:163)
	at com.jayway.restassured.internal.RequestSpecificationImpl.applyPathParamsAndEncodePath(RequestSpecificationImpl.groovy:1446)
	at sun.reflect.NativeMethodAccessorImpl.invoke0(Native Method)
	at sun.reflect.NativeMethodAccessorImpl.invoke(NativeMethodAccessorImpl.java:62)
	at sun.reflect.DelegatingMethodAccessorImpl.invoke(DelegatingMethodAccessorImpl.java:43)
	at java.lang.reflect.Method.invoke(Method.java:498)
	at org.codehaus.groovy.reflection.CachedMethod.invoke(CachedMethod.java:90)
	at groovy.lang.MetaMethod.doMethodInvoke(MetaMethod.java:324)
	at groovy.lang.MetaClassImpl.invokeMethod(MetaClassImpl.java:1207)
	at groovy.lang.MetaClassImpl.invokeMethod(MetaClassImpl.java:1016)
	at groovy.lang.MetaClassImpl.invokeMethod(MetaClassImpl.java:807)
	at com.jayway.restassured.internal.RequestSpecificationImpl.invokeMethod(RequestSpecificationImpl.groovy)
	at org.codehaus.groovy.runtime.callsite.PogoInterceptableSite.call(PogoInterceptableSite.java:45)
	at org.codehaus.groovy.runtime.callsite.PogoInterceptableSite.callCurrent(PogoInterceptableSite.java:55)
	at org.codehaus.groovy.runtime.callsite.AbstractCallSite.callCurrent(AbstractCallSite.java:171)
	at com.jayway.restassured.internal.RequestSpecificationImpl.applyPathParamsAndSendRequest(RequestSpecificationImpl.groovy:1424)
	at sun.reflect.NativeMethodAccessorImpl.invoke0(Native Method)
	at sun.reflect.NativeMethodAccessorImpl.invoke(NativeMethodAccessorImpl.java:62)
	at sun.reflect.DelegatingMethodAccessorImpl.invoke(DelegatingMethodAccessorImpl.java:43)
	at java.lang.reflect.Method.invoke(Method.java:498)
	at org.codehaus.groovy.reflection.CachedMethod.invoke(CachedMethod.java:90)
	at groovy.lang.MetaMethod.doMethodInvoke(MetaMethod.java:324)
	at groovy.lang.MetaClassImpl.invokeMethod(MetaClassImpl.java:1207)
	at groovy.lang.MetaClassImpl.invokeMethod(MetaClassImpl.java:1016)
	at groovy.lang.MetaClassImpl.invokeMethod(MetaClassImpl.java:807)
	at com.jayway.restassured.internal.RequestSpecificationImpl.invokeMethod(RequestSpecificationImpl.groovy)
	at org.codehaus.groovy.runtime.callsite.PogoInterceptableSite.call(PogoInterceptableSite.java:45)
	at org.codehaus.groovy.runtime.callsite.PogoInterceptableSite.callCurrent(PogoInterceptableSite.java:55)
	at org.codehaus.groovy.runtime.callsite.AbstractCallSite.callCurrent(AbstractCallSite.java:179)
	at com.jayway.restassured.internal.RequestSpecificationImpl.put(RequestSpecificationImpl.groovy:158)
	at com.jayway.restassured.internal.RequestSpecificationImpl.put(RequestSpecificationImpl.groovy)
	at system.provider.MessagingServiceTests.makePutCallWithExpectedResult(MessagingServiceTests.scala:41)
	at system.provider.MessagingServiceTests$$anonfun$6.apply$mcV$sp(MessagingServiceTests.scala:116)
	at system.provider.MessagingServiceTests$$anonfun$6.apply(MessagingServiceTests.scala:105)
	at system.provider.MessagingServiceTests$$anonfun$6.apply(MessagingServiceTests.scala:105)
	at org.scalatest.Transformer$$anonfun$apply$1.apply$mcV$sp(Transformer.scala:22)
	at org.scalatest.OutcomeOf$class.outcomeOf(OutcomeOf.scala:85)
	at org.scalatest.OutcomeOf$.outcomeOf(OutcomeOf.scala:104)
	at org.scalatest.Transformer.apply(Transformer.scala:22)
	at org.scalatest.Transformer.apply(Transformer.scala:20)
	at org.scalatest.FlatSpecLike$$anon$1.apply(FlatSpecLike.scala:1647)
	at org.scalatest.Suite$class.withFixture(Suite.scala:1122)
	at org.scalatest.FlatSpec.withFixture(FlatSpec.scala:1683)
	at org.scalatest.FlatSpecLike$class.invokeWithFixture$1(FlatSpecLike.scala:1644)
	at org.scalatest.FlatSpecLike$$anonfun$runTest$1.apply(FlatSpecLike.scala:1656)
	at org.scalatest.FlatSpecLike$$anonfun$runTest$1.apply(FlatSpecLike.scala:1656)
	at org.scalatest.SuperEngine.runTestImpl(Engine.scala:306)
	at org.scalatest.FlatSpecLike$class.runTest(FlatSpecLike.scala:1656)
	at system.provider.MessagingServiceTests.org$scalatest$BeforeAndAfter$$super$runTest(MessagingServiceTests.scala:28)
	at org.scalatest.BeforeAndAfter$class.runTest(BeforeAndAfter.scala:200)
	at system.provider.MessagingServiceTests.runTest(MessagingServiceTests.scala:28)
	at org.scalatest.FlatSpecLike$$anonfun$runTests$1.apply(FlatSpecLike.scala:1714)
	at org.scalatest.FlatSpecLike$$anonfun$runTests$1.apply(FlatSpecLike.scala:1714)
	at org.scalatest.SuperEngine$$anonfun$traverseSubNodes$1$1.apply(Engine.scala:413)
	at org.scalatest.SuperEngine$$anonfun$traverseSubNodes$1$1.apply(Engine.scala:401)
	at scala.collection.immutable.List.foreach(List.scala:381)
	at org.scalatest.SuperEngine.traverseSubNodes$1(Engine.scala:401)
	at org.scalatest.SuperEngine.org$scalatest$SuperEngine$$runTestsInBranch(Engine.scala:390)
	at org.scalatest.SuperEngine$$anonfun$traverseSubNodes$1$1.apply(Engine.scala:427)
	at org.scalatest.SuperEngine$$anonfun$traverseSubNodes$1$1.apply(Engine.scala:401)
	at scala.collection.immutable.List.foreach(List.scala:381)
	at org.scalatest.SuperEngine.traverseSubNodes$1(Engine.scala:401)
	at org.scalatest.SuperEngine.org$scalatest$SuperEngine$$runTestsInBranch(Engine.scala:396)
	at org.scalatest.SuperEngine.runTestsImpl(Engine.scala:483)
	at org.scalatest.FlatSpecLike$class.runTests(FlatSpecLike.scala:1714)
	at org.scalatest.FlatSpec.runTests(FlatSpec.scala:1683)
	at org.scalatest.Suite$class.run(Suite.scala:1424)
	at org.scalatest.FlatSpec.org$scalatest$FlatSpecLike$$super$run(FlatSpec.scala:1683)
	at org.scalatest.FlatSpecLike$$anonfun$run$1.apply(FlatSpecLike.scala:1760)
	at org.scalatest.FlatSpecLike$$anonfun$run$1.apply(FlatSpecLike.scala:1760)
	at org.scalatest.SuperEngine.runImpl(Engine.scala:545)
	at org.scalatest.FlatSpecLike$class.run(FlatSpecLike.scala:1760)
	at system.provider.MessagingServiceTests.org$scalatest$BeforeAndAfter$$super$run(MessagingServiceTests.scala:28)
	at org.scalatest.BeforeAndAfter$class.run(BeforeAndAfter.scala:241)
	at system.provider.MessagingServiceTests.run(MessagingServiceTests.scala:28)
	at org.scalatest.junit.JUnitRunner.run(JUnitRunner.scala:99)
	at org.gradle.api.internal.tasks.testing.junit.JUnitTestClassExecuter.runTestClass(JUnitTestClassExecuter.java:114)
	at org.gradle.api.internal.tasks.testing.junit.JUnitTestClassExecuter.execute(JUnitTestClassExecuter.java:57)
	at org.gradle.api.internal.tasks.testing.junit.JUnitTestClassProcessor.processTestClass(JUnitTestClassProcessor.java:66)
	at org.gradle.api.internal.tasks.testing.SuiteTestClassProcessor.processTestClass(SuiteTestClassProcessor.java:51)
	at sun.reflect.NativeMethodAccessorImpl.invoke0(Native Method)
	at sun.reflect.NativeMethodAccessorImpl.invoke(NativeMethodAccessorImpl.java:62)
	at sun.reflect.DelegatingMethodAccessorImpl.invoke(DelegatingMethodAccessorImpl.java:43)
	at java.lang.reflect.Method.invoke(Method.java:498)
	at org.gradle.internal.dispatch.ReflectionDispatch.dispatch(ReflectionDispatch.java:35)
	at org.gradle.internal.dispatch.ReflectionDispatch.dispatch(ReflectionDispatch.java:24)
	at org.gradle.internal.dispatch.ContextClassLoaderDispatch.dispatch(ContextClassLoaderDispatch.java:32)
	at org.gradle.internal.dispatch.ProxyDispatchAdapter$DispatchingInvocationHandler.invoke(ProxyDispatchAdapter.java:93)
	at com.sun.proxy.$Proxy2.processTestClass(Unknown Source)
	at org.gradle.api.internal.tasks.testing.worker.TestWorker.processTestClass(TestWorker.java:109)
	at sun.reflect.NativeMethodAccessorImpl.invoke0(Native Method)
	at sun.reflect.NativeMethodAccessorImpl.invoke(NativeMethodAccessorImpl.java:62)
	at sun.reflect.DelegatingMethodAccessorImpl.invoke(DelegatingMethodAccessorImpl.java:43)
	at java.lang.reflect.Method.invoke(Method.java:498)
	at org.gradle.internal.dispatch.ReflectionDispatch.dispatch(ReflectionDispatch.java:35)
	at org.gradle.internal.dispatch.ReflectionDispatch.dispatch(ReflectionDispatch.java:24)
	at org.gradle.internal.remote.internal.hub.MessageHub$Handler.run(MessageHub.java:377)
	at org.gradle.internal.concurrent.ExecutorPolicy$CatchAndRecordFailures.onExecute(ExecutorPolicy.java:54)
	at org.gradle.internal.concurrent.StoppableExecutorImpl$1.run(StoppableExecutorImpl.java:40)
	at java.util.concurrent.ThreadPoolExecutor.runWorker(ThreadPoolExecutor.java:1142)
	at java.util.concurrent.ThreadPoolExecutor$Worker.run(ThreadPoolExecutor.java:617)
	at java.lang.Thread.run(Thread.java:745)
Caused by: java.lang.NumberFormatException: For input string: &quot;null&quot;
	at java.lang.NumberFormatException.forInputString(NumberFormatException.java:65)
	at java.lang.Integer.parseInt(Integer.java:580)
	at java.lang.Integer.parseInt(Integer.java:615)
	at java.net.URLStreamHandler.parseURL(URLStreamHandler.java:216)
	at java.net.URL.&lt;init&gt;(URL.java:622)
	... 124 more
</failure>
  </testcase>
  <testcase name="Messaging feed provider endpoint should reject post of a trigger due to missing username argument" classname="system.provider.MessagingServiceTests" time="0.002">
    <failure message="java.net.MalformedURLException: For input string: &quot;null&quot;" type="java.net.MalformedURLException">java.net.MalformedURLException: For input string: &quot;null&quot;
	at java.net.URL.&lt;init&gt;(URL.java:627)
	at java.net.URL.&lt;init&gt;(URL.java:490)
	at java.net.URL.&lt;init&gt;(URL.java:439)
	at sun.reflect.NativeConstructorAccessorImpl.newInstance0(Native Method)
	at sun.reflect.NativeConstructorAccessorImpl.newInstance(NativeConstructorAccessorImpl.java:62)
	at sun.reflect.DelegatingConstructorAccessorImpl.newInstance(DelegatingConstructorAccessorImpl.java:45)
	at java.lang.reflect.Constructor.newInstance(Constructor.java:423)
	at org.codehaus.groovy.reflection.CachedConstructor.invoke(CachedConstructor.java:77)
	at org.codehaus.groovy.runtime.callsite.ConstructorSite$ConstructorSiteNoUnwrapNoCoerce.callConstructor(ConstructorSite.java:102)
	at org.codehaus.groovy.runtime.callsite.AbstractCallSite.callConstructor(AbstractCallSite.java:244)
	at com.jayway.restassured.internal.RequestSpecificationImpl.getTargetURI(RequestSpecificationImpl.groovy:1364)
	at sun.reflect.NativeMethodAccessorImpl.invoke0(Native Method)
	at sun.reflect.NativeMethodAccessorImpl.invoke(NativeMethodAccessorImpl.java:62)
	at sun.reflect.DelegatingMethodAccessorImpl.invoke(DelegatingMethodAccessorImpl.java:43)
	at java.lang.reflect.Method.invoke(Method.java:498)
	at org.codehaus.groovy.reflection.CachedMethod.invoke(CachedMethod.java:90)
	at groovy.lang.MetaMethod.doMethodInvoke(MetaMethod.java:324)
	at groovy.lang.MetaClassImpl.invokeMethod(MetaClassImpl.java:1207)
	at groovy.lang.MetaClassImpl.invokeMethod(MetaClassImpl.java:1016)
	at groovy.lang.MetaClassImpl.invokeMethod(MetaClassImpl.java:807)
	at com.jayway.restassured.internal.RequestSpecificationImpl.invokeMethod(RequestSpecificationImpl.groovy)
	at org.codehaus.groovy.runtime.callsite.PogoInterceptableSite.call(PogoInterceptableSite.java:45)
	at org.codehaus.groovy.runtime.callsite.PogoInterceptableSite.callCurrent(PogoInterceptableSite.java:55)
	at org.codehaus.groovy.runtime.callsite.AbstractCallSite.callCurrent(AbstractCallSite.java:163)
	at com.jayway.restassured.internal.RequestSpecificationImpl.applyPathParamsAndEncodePath(RequestSpecificationImpl.groovy:1446)
	at sun.reflect.NativeMethodAccessorImpl.invoke0(Native Method)
	at sun.reflect.NativeMethodAccessorImpl.invoke(NativeMethodAccessorImpl.java:62)
	at sun.reflect.DelegatingMethodAccessorImpl.invoke(DelegatingMethodAccessorImpl.java:43)
	at java.lang.reflect.Method.invoke(Method.java:498)
	at org.codehaus.groovy.reflection.CachedMethod.invoke(CachedMethod.java:90)
	at groovy.lang.MetaMethod.doMethodInvoke(MetaMethod.java:324)
	at groovy.lang.MetaClassImpl.invokeMethod(MetaClassImpl.java:1207)
	at groovy.lang.MetaClassImpl.invokeMethod(MetaClassImpl.java:1016)
	at groovy.lang.MetaClassImpl.invokeMethod(MetaClassImpl.java:807)
	at com.jayway.restassured.internal.RequestSpecificationImpl.invokeMethod(RequestSpecificationImpl.groovy)
	at org.codehaus.groovy.runtime.callsite.PogoInterceptableSite.call(PogoInterceptableSite.java:45)
	at org.codehaus.groovy.runtime.callsite.PogoInterceptableSite.callCurrent(PogoInterceptableSite.java:55)
	at org.codehaus.groovy.runtime.callsite.AbstractCallSite.callCurrent(AbstractCallSite.java:171)
	at com.jayway.restassured.internal.RequestSpecificationImpl.applyPathParamsAndSendRequest(RequestSpecificationImpl.groovy:1424)
	at sun.reflect.NativeMethodAccessorImpl.invoke0(Native Method)
	at sun.reflect.NativeMethodAccessorImpl.invoke(NativeMethodAccessorImpl.java:62)
	at sun.reflect.DelegatingMethodAccessorImpl.invoke(DelegatingMethodAccessorImpl.java:43)
	at java.lang.reflect.Method.invoke(Method.java:498)
	at org.codehaus.groovy.reflection.CachedMethod.invoke(CachedMethod.java:90)
	at groovy.lang.MetaMethod.doMethodInvoke(MetaMethod.java:324)
	at groovy.lang.MetaClassImpl.invokeMethod(MetaClassImpl.java:1207)
	at groovy.lang.MetaClassImpl.invokeMethod(MetaClassImpl.java:1016)
	at groovy.lang.MetaClassImpl.invokeMethod(MetaClassImpl.java:807)
	at com.jayway.restassured.internal.RequestSpecificationImpl.invokeMethod(RequestSpecificationImpl.groovy)
	at org.codehaus.groovy.runtime.callsite.PogoInterceptableSite.call(PogoInterceptableSite.java:45)
	at org.codehaus.groovy.runtime.callsite.PogoInterceptableSite.callCurrent(PogoInterceptableSite.java:55)
	at org.codehaus.groovy.runtime.callsite.AbstractCallSite.callCurrent(AbstractCallSite.java:179)
	at com.jayway.restassured.internal.RequestSpecificationImpl.put(RequestSpecificationImpl.groovy:158)
	at com.jayway.restassured.internal.RequestSpecificationImpl.put(RequestSpecificationImpl.groovy)
	at system.provider.MessagingServiceTests.makePutCallWithExpectedResult(MessagingServiceTests.scala:41)
	at system.provider.MessagingServiceTests$$anonfun$7.apply$mcV$sp(MessagingServiceTests.scala:132)
	at system.provider.MessagingServiceTests$$anonfun$7.apply(MessagingServiceTests.scala:119)
	at system.provider.MessagingServiceTests$$anonfun$7.apply(MessagingServiceTests.scala:119)
	at org.scalatest.Transformer$$anonfun$apply$1.apply$mcV$sp(Transformer.scala:22)
	at org.scalatest.OutcomeOf$class.outcomeOf(OutcomeOf.scala:85)
	at org.scalatest.OutcomeOf$.outcomeOf(OutcomeOf.scala:104)
	at org.scalatest.Transformer.apply(Transformer.scala:22)
	at org.scalatest.Transformer.apply(Transformer.scala:20)
	at org.scalatest.FlatSpecLike$$anon$1.apply(FlatSpecLike.scala:1647)
	at org.scalatest.Suite$class.withFixture(Suite.scala:1122)
	at org.scalatest.FlatSpec.withFixture(FlatSpec.scala:1683)
	at org.scalatest.FlatSpecLike$class.invokeWithFixture$1(FlatSpecLike.scala:1644)
	at org.scalatest.FlatSpecLike$$anonfun$runTest$1.apply(FlatSpecLike.scala:1656)
	at org.scalatest.FlatSpecLike$$anonfun$runTest$1.apply(FlatSpecLike.scala:1656)
	at org.scalatest.SuperEngine.runTestImpl(Engine.scala:306)
	at org.scalatest.FlatSpecLike$class.runTest(FlatSpecLike.scala:1656)
	at system.provider.MessagingServiceTests.org$scalatest$BeforeAndAfter$$super$runTest(MessagingServiceTests.scala:28)
	at org.scalatest.BeforeAndAfter$class.runTest(BeforeAndAfter.scala:200)
	at system.provider.MessagingServiceTests.runTest(MessagingServiceTests.scala:28)
	at org.scalatest.FlatSpecLike$$anonfun$runTests$1.apply(FlatSpecLike.scala:1714)
	at org.scalatest.FlatSpecLike$$anonfun$runTests$1.apply(FlatSpecLike.scala:1714)
	at org.scalatest.SuperEngine$$anonfun$traverseSubNodes$1$1.apply(Engine.scala:413)
	at org.scalatest.SuperEngine$$anonfun$traverseSubNodes$1$1.apply(Engine.scala:401)
	at scala.collection.immutable.List.foreach(List.scala:381)
	at org.scalatest.SuperEngine.traverseSubNodes$1(Engine.scala:401)
	at org.scalatest.SuperEngine.org$scalatest$SuperEngine$$runTestsInBranch(Engine.scala:390)
	at org.scalatest.SuperEngine$$anonfun$traverseSubNodes$1$1.apply(Engine.scala:427)
	at org.scalatest.SuperEngine$$anonfun$traverseSubNodes$1$1.apply(Engine.scala:401)
	at scala.collection.immutable.List.foreach(List.scala:381)
	at org.scalatest.SuperEngine.traverseSubNodes$1(Engine.scala:401)
	at org.scalatest.SuperEngine.org$scalatest$SuperEngine$$runTestsInBranch(Engine.scala:396)
	at org.scalatest.SuperEngine.runTestsImpl(Engine.scala:483)
	at org.scalatest.FlatSpecLike$class.runTests(FlatSpecLike.scala:1714)
	at org.scalatest.FlatSpec.runTests(FlatSpec.scala:1683)
	at org.scalatest.Suite$class.run(Suite.scala:1424)
	at org.scalatest.FlatSpec.org$scalatest$FlatSpecLike$$super$run(FlatSpec.scala:1683)
	at org.scalatest.FlatSpecLike$$anonfun$run$1.apply(FlatSpecLike.scala:1760)
	at org.scalatest.FlatSpecLike$$anonfun$run$1.apply(FlatSpecLike.scala:1760)
	at org.scalatest.SuperEngine.runImpl(Engine.scala:545)
	at org.scalatest.FlatSpecLike$class.run(FlatSpecLike.scala:1760)
	at system.provider.MessagingServiceTests.org$scalatest$BeforeAndAfter$$super$run(MessagingServiceTests.scala:28)
	at org.scalatest.BeforeAndAfter$class.run(BeforeAndAfter.scala:241)
	at system.provider.MessagingServiceTests.run(MessagingServiceTests.scala:28)
	at org.scalatest.junit.JUnitRunner.run(JUnitRunner.scala:99)
	at org.gradle.api.internal.tasks.testing.junit.JUnitTestClassExecuter.runTestClass(JUnitTestClassExecuter.java:114)
	at org.gradle.api.internal.tasks.testing.junit.JUnitTestClassExecuter.execute(JUnitTestClassExecuter.java:57)
	at org.gradle.api.internal.tasks.testing.junit.JUnitTestClassProcessor.processTestClass(JUnitTestClassProcessor.java:66)
	at org.gradle.api.internal.tasks.testing.SuiteTestClassProcessor.processTestClass(SuiteTestClassProcessor.java:51)
	at sun.reflect.NativeMethodAccessorImpl.invoke0(Native Method)
	at sun.reflect.NativeMethodAccessorImpl.invoke(NativeMethodAccessorImpl.java:62)
	at sun.reflect.DelegatingMethodAccessorImpl.invoke(DelegatingMethodAccessorImpl.java:43)
	at java.lang.reflect.Method.invoke(Method.java:498)
	at org.gradle.internal.dispatch.ReflectionDispatch.dispatch(ReflectionDispatch.java:35)
	at org.gradle.internal.dispatch.ReflectionDispatch.dispatch(ReflectionDispatch.java:24)
	at org.gradle.internal.dispatch.ContextClassLoaderDispatch.dispatch(ContextClassLoaderDispatch.java:32)
	at org.gradle.internal.dispatch.ProxyDispatchAdapter$DispatchingInvocationHandler.invoke(ProxyDispatchAdapter.java:93)
	at com.sun.proxy.$Proxy2.processTestClass(Unknown Source)
	at org.gradle.api.internal.tasks.testing.worker.TestWorker.processTestClass(TestWorker.java:109)
	at sun.reflect.NativeMethodAccessorImpl.invoke0(Native Method)
	at sun.reflect.NativeMethodAccessorImpl.invoke(NativeMethodAccessorImpl.java:62)
	at sun.reflect.DelegatingMethodAccessorImpl.invoke(DelegatingMethodAccessorImpl.java:43)
	at java.lang.reflect.Method.invoke(Method.java:498)
	at org.gradle.internal.dispatch.ReflectionDispatch.dispatch(ReflectionDispatch.java:35)
	at org.gradle.internal.dispatch.ReflectionDispatch.dispatch(ReflectionDispatch.java:24)
	at org.gradle.internal.remote.internal.hub.MessageHub$Handler.run(MessageHub.java:377)
	at org.gradle.internal.concurrent.ExecutorPolicy$CatchAndRecordFailures.onExecute(ExecutorPolicy.java:54)
	at org.gradle.internal.concurrent.StoppableExecutorImpl$1.run(StoppableExecutorImpl.java:40)
	at java.util.concurrent.ThreadPoolExecutor.runWorker(ThreadPoolExecutor.java:1142)
	at java.util.concurrent.ThreadPoolExecutor$Worker.run(ThreadPoolExecutor.java:617)
	at java.lang.Thread.run(Thread.java:745)
Caused by: java.lang.NumberFormatException: For input string: &quot;null&quot;
	at java.lang.NumberFormatException.forInputString(NumberFormatException.java:65)
	at java.lang.Integer.parseInt(Integer.java:580)
	at java.lang.Integer.parseInt(Integer.java:615)
	at java.net.URLStreamHandler.parseURL(URLStreamHandler.java:216)
	at java.net.URL.&lt;init&gt;(URL.java:622)
	... 124 more
</failure>
  </testcase>
  <testcase name="Messaging feed provider endpoint should reject post of a trigger due to missing password argument" classname="system.provider.MessagingServiceTests" time="0.001">
    <failure message="java.net.MalformedURLException: For input string: &quot;null&quot;" type="java.net.MalformedURLException">java.net.MalformedURLException: For input string: &quot;null&quot;
	at java.net.URL.&lt;init&gt;(URL.java:627)
	at java.net.URL.&lt;init&gt;(URL.java:490)
	at java.net.URL.&lt;init&gt;(URL.java:439)
	at sun.reflect.NativeConstructorAccessorImpl.newInstance0(Native Method)
	at sun.reflect.NativeConstructorAccessorImpl.newInstance(NativeConstructorAccessorImpl.java:62)
	at sun.reflect.DelegatingConstructorAccessorImpl.newInstance(DelegatingConstructorAccessorImpl.java:45)
	at java.lang.reflect.Constructor.newInstance(Constructor.java:423)
	at org.codehaus.groovy.reflection.CachedConstructor.invoke(CachedConstructor.java:77)
	at org.codehaus.groovy.runtime.callsite.ConstructorSite$ConstructorSiteNoUnwrapNoCoerce.callConstructor(ConstructorSite.java:102)
	at org.codehaus.groovy.runtime.callsite.AbstractCallSite.callConstructor(AbstractCallSite.java:244)
	at com.jayway.restassured.internal.RequestSpecificationImpl.getTargetURI(RequestSpecificationImpl.groovy:1364)
	at sun.reflect.NativeMethodAccessorImpl.invoke0(Native Method)
	at sun.reflect.NativeMethodAccessorImpl.invoke(NativeMethodAccessorImpl.java:62)
	at sun.reflect.DelegatingMethodAccessorImpl.invoke(DelegatingMethodAccessorImpl.java:43)
	at java.lang.reflect.Method.invoke(Method.java:498)
	at org.codehaus.groovy.reflection.CachedMethod.invoke(CachedMethod.java:90)
	at groovy.lang.MetaMethod.doMethodInvoke(MetaMethod.java:324)
	at groovy.lang.MetaClassImpl.invokeMethod(MetaClassImpl.java:1207)
	at groovy.lang.MetaClassImpl.invokeMethod(MetaClassImpl.java:1016)
	at groovy.lang.MetaClassImpl.invokeMethod(MetaClassImpl.java:807)
	at com.jayway.restassured.internal.RequestSpecificationImpl.invokeMethod(RequestSpecificationImpl.groovy)
	at org.codehaus.groovy.runtime.callsite.PogoInterceptableSite.call(PogoInterceptableSite.java:45)
[...]
	at org.codehaus.groovy.runtime.callsite.PogoInterceptableSite.callCurrent(PogoInterceptableSite.java:55)
	at org.codehaus.groovy.runtime.callsite.AbstractCallSite.callCurrent(AbstractCallSite.java:163)
	at com.jayway.restassured.internal.RequestSpecificationImpl.applyPathParamsAndEncodePath(RequestSpecificationImpl.groovy:1446)
	at sun.reflect.NativeMethodAccessorImpl.invoke0(Native Method)
	at sun.reflect.NativeMethodAccessorImpl.invoke(NativeMethodAccessorImpl.java:62)
	at sun.reflect.DelegatingMethodAccessorImpl.invoke(DelegatingMethodAccessorImpl.java:43)
	at java.lang.reflect.Method.invoke(Method.java:498)
	at org.codehaus.groovy.reflection.CachedMethod.invoke(CachedMethod.java:90)
	at groovy.lang.MetaMethod.doMethodInvoke(MetaMethod.java:324)
	at groovy.lang.MetaClassImpl.invokeMethod(MetaClassImpl.java:1207)
	at groovy.lang.MetaClassImpl.invokeMethod(MetaClassImpl.java:1016)
	at groovy.lang.MetaClassImpl.invokeMethod(MetaClassImpl.java:807)
	at com.jayway.restassured.internal.RequestSpecificationImpl.invokeMethod(RequestSpecificationImpl.groovy)
	at org.codehaus.groovy.runtime.callsite.PogoInterceptableSite.call(PogoInterceptableSite.java:45)
	at org.codehaus.groovy.runtime.callsite.PogoInterceptableSite.callCurrent(PogoInterceptableSite.java:55)
	at org.codehaus.groovy.runtime.callsite.AbstractCallSite.callCurrent(AbstractCallSite.java:171)
	at com.jayway.restassured.internal.RequestSpecificationImpl.applyPathParamsAndSendRequest(RequestSpecificationImpl.groovy:1424)
	at sun.reflect.NativeMethodAccessorImpl.invoke0(Native Method)
	at sun.reflect.NativeMethodAccessorImpl.invoke(NativeMethodAccessorImpl.java:62)
	at sun.reflect.DelegatingMethodAccessorImpl.invoke(DelegatingMethodAccessorImpl.java:43)
	at java.lang.reflect.Method.invoke(Method.java:498)
	at org.codehaus.groovy.reflection.CachedMethod.invoke(CachedMethod.java:90)
	at groovy.lang.MetaMethod.doMethodInvoke(MetaMethod.java:324)
	at groovy.lang.MetaClassImpl.invokeMethod(MetaClassImpl.java:1207)
	at groovy.lang.MetaClassImpl.invokeMethod(MetaClassImpl.java:1016)
	at groovy.lang.MetaClassImpl.invokeMethod(MetaClassImpl.java:807)
	at com.jayway.restassured.internal.RequestSpecificationImpl.invokeMethod(RequestSpecificationImpl.groovy)
	at org.codehaus.groovy.runtime.callsite.PogoInterceptableSite.call(PogoInterceptableSite.java:45)
	at org.codehaus.groovy.runtime.callsite.PogoInterceptableSite.callCurrent(PogoInterceptableSite.java:55)
	at org.codehaus.groovy.runtime.callsite.AbstractCallSite.callCurrent(AbstractCallSite.java:179)
	at com.jayway.restassured.internal.RequestSpecificationImpl.put(RequestSpecificationImpl.groovy:158)
	at com.jayway.restassured.internal.RequestSpecificationImpl.put(RequestSpecificationImpl.groovy)
	at system.provider.MessagingServiceTests.makePutCallWithExpectedResult(MessagingServiceTests.scala:41)
	at system.provider.MessagingServiceTests$$anonfun$10.apply$mcV$sp(MessagingServiceTests.scala:182)
	at system.provider.MessagingServiceTests$$anonfun$10.apply(MessagingServiceTests.scala:168)
	at system.provider.MessagingServiceTests$$anonfun$10.apply(MessagingServiceTests.scala:168)
	at org.scalatest.Transformer$$anonfun$apply$1.apply$mcV$sp(Transformer.scala:22)
	at org.scalatest.OutcomeOf$class.outcomeOf(OutcomeOf.scala:85)
	at org.scalatest.OutcomeOf$.outcomeOf(OutcomeOf.scala:104)
	at org.scalatest.Transformer.apply(Transformer.scala:22)
	at org.scalatest.Transformer.apply(Transformer.scala:20)
	at org.scalatest.FlatSpecLike$$anon$1.apply(FlatSpecLike.scala:1647)
	at org.scalatest.Suite$class.withFixture(Suite.scala:1122)
	at org.scalatest.FlatSpec.withFixture(FlatSpec.scala:1683)
	at org.scalatest.FlatSpecLike$class.invokeWithFixture$1(FlatSpecLike.scala:1644)
	at org.scalatest.FlatSpecLike$$anonfun$runTest$1.apply(FlatSpecLike.scala:1656)
	at org.scalatest.FlatSpecLike$$anonfun$runTest$1.apply(FlatSpecLike.scala:1656)
	at org.scalatest.SuperEngine.runTestImpl(Engine.scala:306)
	at org.scalatest.FlatSpecLike$class.runTest(FlatSpecLike.scala:1656)
	at system.provider.MessagingServiceTests.org$scalatest$BeforeAndAfter$$super$runTest(MessagingServiceTests.scala:28)
	at org.scalatest.BeforeAndAfter$class.runTest(BeforeAndAfter.scala:200)
	at system.provider.MessagingServiceTests.runTest(MessagingServiceTests.scala:28)
	at org.scalatest.FlatSpecLike$$anonfun$runTests$1.apply(FlatSpecLike.scala:1714)
	at org.scalatest.FlatSpecLike$$anonfun$runTests$1.apply(FlatSpecLike.scala:1714)
	at org.scalatest.SuperEngine$$anonfun$traverseSubNodes$1$1.apply(Engine.scala:413)
	at org.scalatest.SuperEngine$$anonfun$traverseSubNodes$1$1.apply(Engine.scala:401)
	at scala.collection.immutable.List.foreach(List.scala:381)
	at org.scalatest.SuperEngine.traverseSubNodes$1(Engine.scala:401)
	at org.scalatest.SuperEngine.org$scalatest$SuperEngine$$runTestsInBranch(Engine.scala:390)
	at org.scalatest.SuperEngine$$anonfun$traverseSubNodes$1$1.apply(Engine.scala:427)
	at org.scalatest.SuperEngine$$anonfun$traverseSubNodes$1$1.apply(Engine.scala:401)
	at scala.collection.immutable.List.foreach(List.scala:381)
	at org.scalatest.SuperEngine.traverseSubNodes$1(Engine.scala:401)
	at org.scalatest.SuperEngine.org$scalatest$SuperEngine$$runTestsInBranch(Engine.scala:396)
	at org.scalatest.SuperEngine.runTestsImpl(Engine.scala:483)
	at org.scalatest.FlatSpecLike$class.runTests(FlatSpecLike.scala:1714)
	at org.scalatest.FlatSpec.runTests(FlatSpec.scala:1683)
	at org.scalatest.Suite$class.run(Suite.scala:1424)
	at org.scalatest.FlatSpec.org$scalatest$FlatSpecLike$$super$run(FlatSpec.scala:1683)
	at org.scalatest.FlatSpecLike$$anonfun$run$1.apply(FlatSpecLike.scala:1760)
	at org.scalatest.FlatSpecLike$$anonfun$run$1.apply(FlatSpecLike.scala:1760)
	at org.scalatest.SuperEngine.runImpl(Engine.scala:545)
	at org.scalatest.FlatSpecLike$class.run(FlatSpecLike.scala:1760)
	at system.provider.MessagingServiceTests.org$scalatest$BeforeAndAfter$$super$run(MessagingServiceTests.scala:28)
	at org.scalatest.BeforeAndAfter$class.run(BeforeAndAfter.scala:241)
	at system.provider.MessagingServiceTests.run(MessagingServiceTests.scala:28)
	at org.scalatest.junit.JUnitRunner.run(JUnitRunner.scala:99)
	at org.gradle.api.internal.tasks.testing.junit.JUnitTestClassExecuter.runTestClass(JUnitTestClassExecuter.java:114)
	at org.gradle.api.internal.tasks.testing.junit.JUnitTestClassExecuter.execute(JUnitTestClassExecuter.java:57)
	at org.gradle.api.internal.tasks.testing.junit.JUnitTestClassProcessor.processTestClass(JUnitTestClassProcessor.java:66)
	at org.gradle.api.internal.tasks.testing.SuiteTestClassProcessor.processTestClass(SuiteTestClassProcessor.java:51)
	at sun.reflect.NativeMethodAccessorImpl.invoke0(Native Method)
	at sun.reflect.NativeMethodAccessorImpl.invoke(NativeMethodAccessorImpl.java:62)
	at sun.reflect.DelegatingMethodAccessorImpl.invoke(DelegatingMethodAccessorImpl.java:43)
	at java.lang.reflect.Method.invoke(Method.java:498)
	at org.gradle.internal.dispatch.ReflectionDispatch.dispatch(ReflectionDispatch.java:35)
	at org.gradle.internal.dispatch.ReflectionDispatch.dispatch(ReflectionDispatch.java:24)
	at org.gradle.internal.dispatch.ContextClassLoaderDispatch.dispatch(ContextClassLoaderDispatch.java:32)
	at org.gradle.internal.dispatch.ProxyDispatchAdapter$DispatchingInvocationHandler.invoke(ProxyDispatchAdapter.java:93)
	at com.sun.proxy.$Proxy2.processTestClass(Unknown Source)
	at org.gradle.api.internal.tasks.testing.worker.TestWorker.processTestClass(TestWorker.java:109)
	at sun.reflect.NativeMethodAccessorImpl.invoke0(Native Method)
	at sun.reflect.NativeMethodAccessorImpl.invoke(NativeMethodAccessorImpl.java:62)
	at sun.reflect.DelegatingMethodAccessorImpl.invoke(DelegatingMethodAccessorImpl.java:43)
	at java.lang.reflect.Method.invoke(Method.java:498)
	at org.gradle.internal.dispatch.ReflectionDispatch.dispatch(ReflectionDispatch.java:35)
	at org.gradle.internal.dispatch.ReflectionDispatch.dispatch(ReflectionDispatch.java:24)
	at org.gradle.internal.remote.internal.hub.MessageHub$Handler.run(MessageHub.java:377)
	at org.gradle.internal.concurrent.ExecutorPolicy$CatchAndRecordFailures.onExecute(ExecutorPolicy.java:54)
	at org.gradle.internal.concurrent.StoppableExecutorImpl$1.run(StoppableExecutorImpl.java:40)
	at java.util.concurrent.ThreadPoolExecutor.runWorker(ThreadPoolExecutor.java:1142)
	at java.util.concurrent.ThreadPoolExecutor$Worker.run(ThreadPoolExecutor.java:617)
	at java.lang.Thread.run(Thread.java:745)
Caused by: java.lang.NumberFormatException: For input string: &quot;null&quot;
	at java.lang.NumberFormatException.forInputString(NumberFormatException.java:65)
	at java.lang.Integer.parseInt(Integer.java:580)
	at java.lang.Integer.parseInt(Integer.java:615)
	at java.net.URLStreamHandler.parseURL(URLStreamHandler.java:216)
	at java.net.URL.&lt;init&gt;(URL.java:622)
	... 124 more
</failure>
  </testcase>
  <testcase name="Messaging feed provider endpoint should reject post of a trigger when authentication fails" classname="system.provider.MessagingServiceTests" time="0.006">
    <failure message="java.net.MalformedURLException: For input string: &quot;null&quot;" type="java.net.MalformedURLException">java.net.MalformedURLException: For input string: &quot;null&quot;
	at java.net.URL.&lt;init&gt;(URL.java:627)
	at java.net.URL.&lt;init&gt;(URL.java:490)
	at java.net.URL.&lt;init&gt;(URL.java:439)
	at sun.reflect.NativeConstructorAccessorImpl.newInstance0(Native Method)
	at sun.reflect.NativeConstructorAccessorImpl.newInstance(NativeConstructorAccessorImpl.java:62)
	at sun.reflect.DelegatingConstructorAccessorImpl.newInstance(DelegatingConstructorAccessorImpl.java:45)
	at java.lang.reflect.Constructor.newInstance(Constructor.java:423)
	at org.codehaus.groovy.reflection.CachedConstructor.invoke(CachedConstructor.java:77)
	at org.codehaus.groovy.runtime.callsite.ConstructorSite$ConstructorSiteNoUnwrapNoCoerce.callConstructor(ConstructorSite.java:102)
	at org.codehaus.groovy.runtime.callsite.AbstractCallSite.callConstructor(AbstractCallSite.java:244)
	at com.jayway.restassured.internal.RequestSpecificationImpl.getTargetURI(RequestSpecificationImpl.groovy:1364)
	at sun.reflect.NativeMethodAccessorImpl.invoke0(Native Method)
	at sun.reflect.NativeMethodAccessorImpl.invoke(NativeMethodAccessorImpl.java:62)
	at sun.reflect.DelegatingMethodAccessorImpl.invoke(DelegatingMethodAccessorImpl.java:43)
	at java.lang.reflect.Method.invoke(Method.java:498)
	at org.codehaus.groovy.reflection.CachedMethod.invoke(CachedMethod.java:90)
	at groovy.lang.MetaMethod.doMethodInvoke(MetaMethod.java:324)
	at groovy.lang.MetaClassImpl.invokeMethod(MetaClassImpl.java:1207)
	at groovy.lang.MetaClassImpl.invokeMethod(MetaClassImpl.java:1016)
	at groovy.lang.MetaClassImpl.invokeMethod(MetaClassImpl.java:807)
	at com.jayway.restassured.internal.RequestSpecificationImpl.invokeMethod(RequestSpecificationImpl.groovy)
	at org.codehaus.groovy.runtime.callsite.PogoInterceptableSite.call(PogoInterceptableSite.java:45)
	at org.codehaus.groovy.runtime.callsite.PogoInterceptableSite.callCurrent(PogoInterceptableSite.java:55)
	at org.codehaus.groovy.runtime.callsite.AbstractCallSite.callCurrent(AbstractCallSite.java:163)
	at com.jayway.restassured.internal.RequestSpecificationImpl.applyPathParamsAndEncodePath(RequestSpecificationImpl.groovy:1446)
	at sun.reflect.NativeMethodAccessorImpl.invoke0(Native Method)
	at sun.reflect.NativeMethodAccessorImpl.invoke(NativeMethodAccessorImpl.java:62)
	at sun.reflect.DelegatingMethodAccessorImpl.invoke(DelegatingMethodAccessorImpl.java:43)
	at java.lang.reflect.Method.invoke(Method.java:498)
	at org.codehaus.groovy.reflection.CachedMethod.invoke(CachedMethod.java:90)
	at groovy.lang.MetaMethod.doMethodInvoke(MetaMethod.java:324)
	at groovy.lang.MetaClassImpl.invokeMethod(MetaClassImpl.java:1207)
	at groovy.lang.MetaClassImpl.invokeMethod(MetaClassImpl.java:1016)
	at groovy.lang.MetaClassImpl.invokeMethod(MetaClassImpl.java:807)
	at com.jayway.restassured.internal.RequestSpecificationImpl.invokeMethod(RequestSpecificationImpl.groovy)
	at org.codehaus.groovy.runtime.callsite.PogoInterceptableSite.call(PogoInterceptableSite.java:45)
	at org.codehaus.groovy.runtime.callsite.PogoInterceptableSite.callCurrent(PogoInterceptableSite.java:55)
	at org.codehaus.groovy.runtime.callsite.AbstractCallSite.callCurrent(AbstractCallSite.java:171)
	at com.jayway.restassured.internal.RequestSpecificationImpl.applyPathParamsAndSendRequest(RequestSpecificationImpl.groovy:1424)
	at sun.reflect.NativeMethodAccessorImpl.invoke0(Native Method)
	at sun.reflect.NativeMethodAccessorImpl.invoke(NativeMethodAccessorImpl.java:62)
	at sun.reflect.DelegatingMethodAccessorImpl.invoke(DelegatingMethodAccessorImpl.java:43)
	at java.lang.reflect.Method.invoke(Method.java:498)
	at org.codehaus.groovy.reflection.CachedMethod.invoke(CachedMethod.java:90)
	at groovy.lang.MetaMethod.doMethodInvoke(MetaMethod.java:324)
	at groovy.lang.MetaClassImpl.invokeMethod(MetaClassImpl.java:1207)
	at groovy.lang.MetaClassImpl.invokeMethod(MetaClassImpl.java:1016)
	at groovy.lang.MetaClassImpl.invokeMethod(MetaClassImpl.java:807)
	at com.jayway.restassured.internal.RequestSpecificationImpl.invokeMethod(RequestSpecificationImpl.groovy)
	at org.codehaus.groovy.runtime.callsite.PogoInterceptableSite.call(PogoInterceptableSite.java:45)
	at org.codehaus.groovy.runtime.callsite.PogoInterceptableSite.callCurrent(PogoInterceptableSite.java:55)
	at org.codehaus.groovy.runtime.callsite.AbstractCallSite.callCurrent(AbstractCallSite.java:179)
	at com.jayway.restassured.internal.RequestSpecificationImpl.put(RequestSpecificationImpl.groovy:158)
	at com.jayway.restassured.internal.RequestSpecificationImpl.put(RequestSpecificationImpl.groovy)
	at system.provider.MessagingServiceTests.makePutCallWithExpectedResult(MessagingServiceTests.scala:41)
	at system.provider.MessagingServiceTests$$anonfun$11.apply$mcV$sp(MessagingServiceTests.scala:199)
	at system.provider.MessagingServiceTests$$anonfun$11.apply(MessagingServiceTests.scala:185)
	at system.provider.MessagingServiceTests$$anonfun$11.apply(MessagingServiceTests.scala:185)
	at org.scalatest.Transformer$$anonfun$apply$1.apply$mcV$sp(Transformer.scala:22)
	at org.scalatest.OutcomeOf$class.outcomeOf(OutcomeOf.scala:85)
	at org.scalatest.OutcomeOf$.outcomeOf(OutcomeOf.scala:104)
	at org.scalatest.Transformer.apply(Transformer.scala:22)
	at org.scalatest.Transformer.apply(Transformer.scala:20)
	at org.scalatest.FlatSpecLike$$anon$1.apply(FlatSpecLike.scala:1647)
	at org.scalatest.Suite$class.withFixture(Suite.scala:1122)
	at org.scalatest.FlatSpec.withFixture(FlatSpec.scala:1683)
	at org.scalatest.FlatSpecLike$class.invokeWithFixture$1(FlatSpecLike.scala:1644)
	at org.scalatest.FlatSpecLike$$anonfun$runTest$1.apply(FlatSpecLike.scala:1656)
	at org.scalatest.FlatSpecLike$$anonfun$runTest$1.apply(FlatSpecLike.scala:1656)
	at org.scalatest.SuperEngine.runTestImpl(Engine.scala:306)
	at org.scalatest.FlatSpecLike$class.runTest(FlatSpecLike.scala:1656)
	at system.provider.MessagingServiceTests.org$scalatest$BeforeAndAfter$$super$runTest(MessagingServiceTests.scala:28)
	at org.scalatest.BeforeAndAfter$class.runTest(BeforeAndAfter.scala:200)
	at system.provider.MessagingServiceTests.runTest(MessagingServiceTests.scala:28)
	at org.scalatest.FlatSpecLike$$anonfun$runTests$1.apply(FlatSpecLike.scala:1714)
	at org.scalatest.FlatSpecLike$$anonfun$runTests$1.apply(FlatSpecLike.scala:1714)
	at org.scalatest.SuperEngine$$anonfun$traverseSubNodes$1$1.apply(Engine.scala:413)
	at org.scalatest.SuperEngine$$anonfun$traverseSubNodes$1$1.apply(Engine.scala:401)
	at scala.collection.immutable.List.foreach(List.scala:381)
	at org.scalatest.SuperEngine.traverseSubNodes$1(Engine.scala:401)
	at org.scalatest.SuperEngine.org$scalatest$SuperEngine$$runTestsInBranch(Engine.scala:390)
	at org.scalatest.SuperEngine$$anonfun$traverseSubNodes$1$1.apply(Engine.scala:427)
	at org.scalatest.SuperEngine$$anonfun$traverseSubNodes$1$1.apply(Engine.scala:401)
	at scala.collection.immutable.List.foreach(List.scala:381)
	at org.scalatest.SuperEngine.traverseSubNodes$1(Engine.scala:401)
	at org.scalatest.SuperEngine.org$scalatest$SuperEngine$$runTestsInBranch(Engine.scala:396)
	at org.scalatest.SuperEngine.runTestsImpl(Engine.scala:483)
	at org.scalatest.FlatSpecLike$class.runTests(FlatSpecLike.scala:1714)
	at org.scalatest.FlatSpec.runTests(FlatSpec.scala:1683)
	at org.scalatest.Suite$class.run(Suite.scala:1424)
	at org.scalatest.FlatSpec.org$scalatest$FlatSpecLike$$super$run(FlatSpec.scala:1683)
	at org.scalatest.FlatSpecLike$$anonfun$run$1.apply(FlatSpecLike.scala:1760)
	at org.scalatest.FlatSpecLike$$anonfun$run$1.apply(FlatSpecLike.scala:1760)
	at org.scalatest.SuperEngine.runImpl(Engine.scala:545)
	at org.scalatest.FlatSpecLike$class.run(FlatSpecLike.scala:1760)
	at system.provider.MessagingServiceTests.org$scalatest$BeforeAndAfter$$super$run(MessagingServiceTests.scala:28)
	at org.scalatest.BeforeAndAfter$class.run(BeforeAndAfter.scala:241)
	at system.provider.MessagingServiceTests.run(MessagingServiceTests.scala:28)
	at org.scalatest.junit.JUnitRunner.run(JUnitRunner.scala:99)
	at org.gradle.api.internal.tasks.testing.junit.JUnitTestClassExecuter.runTestClass(JUnitTestClassExecuter.java:114)
	at org.gradle.api.internal.tasks.testing.junit.JUnitTestClassExecuter.execute(JUnitTestClassExecuter.java:57)
	at org.gradle.api.internal.tasks.testing.junit.JUnitTestClassProcessor.processTestClass(JUnitTestClassProcessor.java:66)
	at org.gradle.api.internal.tasks.testing.SuiteTestClassProcessor.processTestClass(SuiteTestClassProcessor.java:51)
	at sun.reflect.NativeMethodAccessorImpl.invoke0(Native Method)
	at sun.reflect.NativeMethodAccessorImpl.invoke(NativeMethodAccessorImpl.java:62)
	at sun.reflect.DelegatingMethodAccessorImpl.invoke(DelegatingMethodAccessorImpl.java:43)
	at java.lang.reflect.Method.invoke(Method.java:498)
	at org.gradle.internal.dispatch.ReflectionDispatch.dispatch(ReflectionDispatch.java:35)
	at org.gradle.internal.dispatch.ReflectionDispatch.dispatch(ReflectionDispatch.java:24)
	at org.gradle.internal.dispatch.ContextClassLoaderDispatch.dispatch(ContextClassLoaderDispatch.java:32)
	at org.gradle.internal.dispatch.ProxyDispatchAdapter$DispatchingInvocationHandler.invoke(ProxyDispatchAdapter.java:93)
	at com.sun.proxy.$Proxy2.processTestClass(Unknown Source)
	at org.gradle.api.internal.tasks.testing.worker.TestWorker.processTestClass(TestWorker.java:109)
	at sun.reflect.NativeMethodAccessorImpl.invoke0(Native Method)
	at sun.reflect.NativeMethodAccessorImpl.invoke(NativeMethodAccessorImpl.java:62)
	at sun.reflect.DelegatingMethodAccessorImpl.invoke(DelegatingMethodAccessorImpl.java:43)
	at java.lang.reflect.Method.invoke(Method.java:498)
	at org.gradle.internal.dispatch.ReflectionDispatch.dispatch(ReflectionDispatch.java:35)
	at org.gradle.internal.dispatch.ReflectionDispatch.dispatch(ReflectionDispatch.java:24)
	at org.gradle.internal.remote.internal.hub.MessageHub$Handler.run(MessageHub.java:377)
	at org.gradle.internal.concurrent.ExecutorPolicy$CatchAndRecordFailures.onExecute(ExecutorPolicy.java:54)
	at org.gradle.internal.concurrent.StoppableExecutorImpl$1.run(StoppableExecutorImpl.java:40)
	at java.util.concurrent.ThreadPoolExecutor.runWorker(ThreadPoolExecutor.java:1142)
	at java.util.concurrent.ThreadPoolExecutor$Worker.run(ThreadPoolExecutor.java:617)
	at java.lang.Thread.run(Thread.java:745)
Caused by: java.lang.NumberFormatException: For input string: &quot;null&quot;
	at java.lang.NumberFormatException.forInputString(NumberFormatException.java:65)
	at java.lang.Integer.parseInt(Integer.java:580)
	at java.lang.Integer.parseInt(Integer.java:615)
	at java.net.URLStreamHandler.parseURL(URLStreamHandler.java:216)
	at java.net.URL.&lt;init&gt;(URL.java:622)
	... 124 more
</failure>
  </testcase>
  <system-out><![CDATA[deploy target not defined
test router? true
]]></system-out>
  <system-err><![CDATA[]]></system-err>
</testsuite>
